C:\home\kevinj\projects\Expenses.Mvc\Expenses\ClientApp\dist\out-tsc\src\app\app.component.js
C:\home\kevinj\projects\Expenses.Mvc\Expenses\ClientApp\dist\out-tsc\src\app\app.component.js.map
C:\home\kevinj\projects\Expenses.Mvc\Expenses\ClientApp\dist\out-tsc\src\app\components\home\home.component.js
C:\home\kevinj\projects\Expenses.Mvc\Expenses\ClientApp\dist\out-tsc\src\app\components\home\home.component.js.map
C:\home\kevinj\projects\Expenses.Mvc\Expenses\ClientApp\dist\out-tsc\src\app\components\page-not-found\page-not-found.component.js
C:\home\kevinj\projects\Expenses.Mvc\Expenses\ClientApp\dist\out-tsc\src\app\components\page-not-found\page-not-found.component.js.map
C:\home\kevinj\projects\Expenses.Mvc\Expenses\ClientApp\dist\out-tsc\src\app\services\expense-item.js
C:\home\kevinj\projects\Expenses.Mvc\Expenses\ClientApp\dist\out-tsc\src\app\services\expense-item.js.map
C:\home\kevinj\projects\Expenses.Mvc\Expenses\ClientApp\dist\out-tsc\src\app\services\expense-claim.js
C:\home\kevinj\projects\Expenses.Mvc\Expenses\ClientApp\dist\out-tsc\src\app\services\expense-claim.js.map
C:\home\kevinj\projects\Expenses.Mvc\Expenses\ClientApp\dist\out-tsc\src\app\services\expenses.service.js
C:\home\kevinj\projects\Expenses.Mvc\Expenses\ClientApp\dist\out-tsc\src\app\services\expenses.service.js.map
C:\home\kevinj\projects\Expenses.Mvc\Expenses\ClientApp\dist\out-tsc\src\app\components\expense-claims\expense-claims.component.js
C:\home\kevinj\projects\Expenses.Mvc\Expenses\ClientApp\dist\out-tsc\src\app\components\expense-claims\expense-claims.component.js.map
C:\home\kevinj\projects\Expenses.Mvc\Expenses\ClientApp\dist\out-tsc\src\app\app.routes.js
C:\home\kevinj\projects\Expenses.Mvc\Expenses\ClientApp\dist\out-tsc\src\app\app.routes.js.map
C:\home\kevinj\projects\Expenses.Mvc\Expenses\ClientApp\dist\out-tsc\src\app\app.module.js
C:\home\kevinj\projects\Expenses.Mvc\Expenses\ClientApp\dist\out-tsc\src\app\app.module.js.map
C:\home\kevinj\projects\Expenses.Mvc\Expenses\ClientApp\dist\out-tsc\src\environments\environment.js
C:\home\kevinj\projects\Expenses.Mvc\Expenses\ClientApp\dist\out-tsc\src\environments\environment.js.map
C:\home\kevinj\projects\Expenses.Mvc\Expenses\ClientApp\dist\out-tsc\src\main.js
C:\home\kevinj\projects\Expenses.Mvc\Expenses\ClientApp\dist\out-tsc\src\main.js.map
C:\home\kevinj\projects\Expenses.Mvc\Expenses\ClientApp\dist\out-tsc\src\polyfills.js
C:\home\kevinj\projects\Expenses.Mvc\Expenses\ClientApp\dist\out-tsc\src\polyfills.js.map
C:\home\kevinj\projects\Expenses.Mvc\Expenses\ClientApp\dist\out-tsc\src\test.js
C:\home\kevinj\projects\Expenses.Mvc\Expenses\ClientApp\dist\out-tsc\src\test.js.map
C:\home\kevinj\projects\Expenses.Mvc\Expenses\ClientApp\dist\out-tsc\src\environments\environment.prod.js
C:\home\kevinj\projects\Expenses.Mvc\Expenses\ClientApp\dist\out-tsc\src\environments\environment.prod.js.map
C:\home\kevinj\projects\Expenses.Mvc\Expenses\ClientApp\dist\out-tsc\src\app\app.component.spec.js
C:\home\kevinj\projects\Expenses.Mvc\Expenses\ClientApp\dist\out-tsc\src\app\app.component.spec.js.map
C:\home\kevinj\projects\Expenses.Mvc\Expenses\ClientApp\dist\out-tsc\src\app\services\expenses.service.spec.js
C:\home\kevinj\projects\Expenses.Mvc\Expenses\ClientApp\dist\out-tsc\src\app\services\expenses.service.spec.js.map
C:\home\kevinj\projects\Expenses.Mvc\Expenses\ClientApp\dist\out-tsc\src\app\components\page-not-found\page-not-found.component.spec.js
C:\home\kevinj\projects\Expenses.Mvc\Expenses\ClientApp\dist\out-tsc\src\app\components\page-not-found\page-not-found.component.spec.js.map
C:\home\kevinj\projects\Expenses.Mvc\Expenses\ClientApp\dist\out-tsc\src\app\components\home\home.component.spec.js
C:\home\kevinj\projects\Expenses.Mvc\Expenses\ClientApp\dist\out-tsc\src\app\components\home\home.component.spec.js.map
C:\home\kevinj\projects\Expenses.Mvc\Expenses\ClientApp\dist\out-tsc\src\app\components\expense-claims\expense-claims.component.spec.js
C:\home\kevinj\projects\Expenses.Mvc\Expenses\ClientApp\dist\out-tsc\src\app\components\expense-claims\expense-claims.component.spec.js.map
C:\home\kevinj\projects\Expenses.Mvc\Expenses\ClientApp\dist\out-tsc\e2e\app.po.js
C:\home\kevinj\projects\Expenses.Mvc\Expenses\ClientApp\dist\out-tsc\e2e\app.po.js.map
C:\home\kevinj\projects\Expenses.Mvc\Expenses\ClientApp\dist\out-tsc\e2e\app.e2e-spec.js
C:\home\kevinj\projects\Expenses.Mvc\Expenses\ClientApp\dist\out-tsc\e2e\app.e2e-spec.js.map
C:\home\kevinj\projects\Expenses.Mvc\Expenses\ClientApp\dist\out-tsc\src\app\app.component.js
C:\home\kevinj\projects\Expenses.Mvc\Expenses\ClientApp\dist\out-tsc\src\app\app.component.js.map
C:\home\kevinj\projects\Expenses.Mvc\Expenses\ClientApp\dist\out-tsc\src\app\components\home\home.component.js
C:\home\kevinj\projects\Expenses.Mvc\Expenses\ClientApp\dist\out-tsc\src\app\components\home\home.component.js.map
C:\home\kevinj\projects\Expenses.Mvc\Expenses\ClientApp\dist\out-tsc\src\app\components\page-not-found\page-not-found.component.js
C:\home\kevinj\projects\Expenses.Mvc\Expenses\ClientApp\dist\out-tsc\src\app\components\page-not-found\page-not-found.component.js.map
C:\home\kevinj\projects\Expenses.Mvc\Expenses\ClientApp\dist\out-tsc\src\app\services\expense-item.js
C:\home\kevinj\projects\Expenses.Mvc\Expenses\ClientApp\dist\out-tsc\src\app\services\expense-item.js.map
C:\home\kevinj\projects\Expenses.Mvc\Expenses\ClientApp\dist\out-tsc\src\app\services\expense-claim.js
C:\home\kevinj\projects\Expenses.Mvc\Expenses\ClientApp\dist\out-tsc\src\app\services\expense-claim.js.map
C:\home\kevinj\projects\Expenses.Mvc\Expenses\ClientApp\dist\out-tsc\src\app\services\expenses.service.js
C:\home\kevinj\projects\Expenses.Mvc\Expenses\ClientApp\dist\out-tsc\src\app\services\expenses.service.js.map
C:\home\kevinj\projects\Expenses.Mvc\Expenses\ClientApp\dist\out-tsc\src\app\components\expense-claims\expense-claims.component.js
C:\home\kevinj\projects\Expenses.Mvc\Expenses\ClientApp\dist\out-tsc\src\app\components\expense-claims\expense-claims.component.js.map
C:\home\kevinj\projects\Expenses.Mvc\Expenses\ClientApp\dist\out-tsc\src\app\app.routes.js
C:\home\kevinj\projects\Expenses.Mvc\Expenses\ClientApp\dist\out-tsc\src\app\app.routes.js.map
C:\home\kevinj\projects\Expenses.Mvc\Expenses\ClientApp\dist\out-tsc\src\app\app.module.js
C:\home\kevinj\projects\Expenses.Mvc\Expenses\ClientApp\dist\out-tsc\src\app\app.module.js.map
C:\home\kevinj\projects\Expenses.Mvc\Expenses\ClientApp\dist\out-tsc\src\environments\environment.js
C:\home\kevinj\projects\Expenses.Mvc\Expenses\ClientApp\dist\out-tsc\src\environments\environment.js.map
C:\home\kevinj\projects\Expenses.Mvc\Expenses\ClientApp\dist\out-tsc\src\main.js
C:\home\kevinj\projects\Expenses.Mvc\Expenses\ClientApp\dist\out-tsc\src\main.js.map
C:\home\kevinj\projects\Expenses.Mvc\Expenses\ClientApp\dist\out-tsc\src\polyfills.js
C:\home\kevinj\projects\Expenses.Mvc\Expenses\ClientApp\dist\out-tsc\src\polyfills.js.map
C:\home\kevinj\projects\Expenses.Mvc\Expenses\ClientApp\dist\out-tsc\src\test.js
C:\home\kevinj\projects\Expenses.Mvc\Expenses\ClientApp\dist\out-tsc\src\test.js.map
C:\home\kevinj\projects\Expenses.Mvc\Expenses\ClientApp\dist\out-tsc\src\environments\environment.prod.js
C:\home\kevinj\projects\Expenses.Mvc\Expenses\ClientApp\dist\out-tsc\src\environments\environment.prod.js.map
C:\home\kevinj\projects\Expenses.Mvc\Expenses\ClientApp\dist\out-tsc\src\app\app.component.spec.js
C:\home\kevinj\projects\Expenses.Mvc\Expenses\ClientApp\dist\out-tsc\src\app\app.component.spec.js.map
C:\home\kevinj\projects\Expenses.Mvc\Expenses\ClientApp\dist\out-tsc\src\app\services\expenses.service.spec.js
C:\home\kevinj\projects\Expenses.Mvc\Expenses\ClientApp\dist\out-tsc\src\app\services\expenses.service.spec.js.map
C:\home\kevinj\projects\Expenses.Mvc\Expenses\ClientApp\dist\out-tsc\src\app\components\page-not-found\page-not-found.component.spec.js
C:\home\kevinj\projects\Expenses.Mvc\Expenses\ClientApp\dist\out-tsc\src\app\components\page-not-found\page-not-found.component.spec.js.map
C:\home\kevinj\projects\Expenses.Mvc\Expenses\ClientApp\dist\out-tsc\src\app\components\home\home.component.spec.js
C:\home\kevinj\projects\Expenses.Mvc\Expenses\ClientApp\dist\out-tsc\src\app\components\home\home.component.spec.js.map
C:\home\kevinj\projects\Expenses.Mvc\Expenses\ClientApp\dist\out-tsc\src\app\components\expense-claims\expense-claims.component.spec.js
C:\home\kevinj\projects\Expenses.Mvc\Expenses\ClientApp\dist\out-tsc\src\app\components\expense-claims\expense-claims.component.spec.js.map
C:\home\kevinj\projects\Expenses.Mvc\Expenses\ClientApp\dist\out-tsc\e2e\app.po.js
C:\home\kevinj\projects\Expenses.Mvc\Expenses\ClientApp\dist\out-tsc\e2e\app.po.js.map
C:\home\kevinj\projects\Expenses.Mvc\Expenses\ClientApp\dist\out-tsc\e2e\app.e2e-spec.js
C:\home\kevinj\projects\Expenses.Mvc\Expenses\ClientApp\dist\out-tsc\e2e\app.e2e-spec.js.map
C:\home\kevinj\projects\Expenses.Mvc\Expenses\ClientApp\dist\out-tsc\src\app\app.component.js
C:\home\kevinj\projects\Expenses.Mvc\Expenses\ClientApp\dist\out-tsc\src\app\app.component.js.map
C:\home\kevinj\projects\Expenses.Mvc\Expenses\ClientApp\dist\out-tsc\src\app\components\home\home.component.js
C:\home\kevinj\projects\Expenses.Mvc\Expenses\ClientApp\dist\out-tsc\src\app\components\home\home.component.js.map
C:\home\kevinj\projects\Expenses.Mvc\Expenses\ClientApp\dist\out-tsc\src\app\components\page-not-found\page-not-found.component.js
C:\home\kevinj\projects\Expenses.Mvc\Expenses\ClientApp\dist\out-tsc\src\app\components\page-not-found\page-not-found.component.js.map
C:\home\kevinj\projects\Expenses.Mvc\Expenses\ClientApp\dist\out-tsc\src\app\services\expense-item.js
C:\home\kevinj\projects\Expenses.Mvc\Expenses\ClientApp\dist\out-tsc\src\app\services\expense-item.js.map
C:\home\kevinj\projects\Expenses.Mvc\Expenses\ClientApp\dist\out-tsc\src\app\services\expense-claim.js
C:\home\kevinj\projects\Expenses.Mvc\Expenses\ClientApp\dist\out-tsc\src\app\services\expense-claim.js.map
C:\home\kevinj\projects\Expenses.Mvc\Expenses\ClientApp\dist\out-tsc\src\app\services\expenses.service.js
C:\home\kevinj\projects\Expenses.Mvc\Expenses\ClientApp\dist\out-tsc\src\app\services\expenses.service.js.map
C:\home\kevinj\projects\Expenses.Mvc\Expenses\ClientApp\dist\out-tsc\src\app\components\expense-claims\expense-claims.component.js
C:\home\kevinj\projects\Expenses.Mvc\Expenses\ClientApp\dist\out-tsc\src\app\components\expense-claims\expense-claims.component.js.map
C:\home\kevinj\projects\Expenses.Mvc\Expenses\ClientApp\dist\out-tsc\src\app\app.routes.js
C:\home\kevinj\projects\Expenses.Mvc\Expenses\ClientApp\dist\out-tsc\src\app\app.routes.js.map
C:\home\kevinj\projects\Expenses.Mvc\Expenses\ClientApp\dist\out-tsc\src\app\app.module.js
C:\home\kevinj\projects\Expenses.Mvc\Expenses\ClientApp\dist\out-tsc\src\app\app.module.js.map
C:\home\kevinj\projects\Expenses.Mvc\Expenses\ClientApp\dist\out-tsc\src\environments\environment.js
C:\home\kevinj\projects\Expenses.Mvc\Expenses\ClientApp\dist\out-tsc\src\environments\environment.js.map
C:\home\kevinj\projects\Expenses.Mvc\Expenses\ClientApp\dist\out-tsc\src\main.js
C:\home\kevinj\projects\Expenses.Mvc\Expenses\ClientApp\dist\out-tsc\src\main.js.map
C:\home\kevinj\projects\Expenses.Mvc\Expenses\ClientApp\dist\out-tsc\src\polyfills.js
C:\home\kevinj\projects\Expenses.Mvc\Expenses\ClientApp\dist\out-tsc\src\polyfills.js.map
C:\home\kevinj\projects\Expenses.Mvc\Expenses\ClientApp\dist\out-tsc\src\test.js
C:\home\kevinj\projects\Expenses.Mvc\Expenses\ClientApp\dist\out-tsc\src\test.js.map
C:\home\kevinj\projects\Expenses.Mvc\Expenses\ClientApp\dist\out-tsc\src\environments\environment.prod.js
C:\home\kevinj\projects\Expenses.Mvc\Expenses\ClientApp\dist\out-tsc\src\environments\environment.prod.js.map
C:\home\kevinj\projects\Expenses.Mvc\Expenses\ClientApp\dist\out-tsc\src\app\app.component.spec.js
C:\home\kevinj\projects\Expenses.Mvc\Expenses\ClientApp\dist\out-tsc\src\app\app.component.spec.js.map
C:\home\kevinj\projects\Expenses.Mvc\Expenses\ClientApp\dist\out-tsc\src\app\services\expenses.service.spec.js
C:\home\kevinj\projects\Expenses.Mvc\Expenses\ClientApp\dist\out-tsc\src\app\services\expenses.service.spec.js.map
C:\home\kevinj\projects\Expenses.Mvc\Expenses\ClientApp\dist\out-tsc\src\app\components\page-not-found\page-not-found.component.spec.js
C:\home\kevinj\projects\Expenses.Mvc\Expenses\ClientApp\dist\out-tsc\src\app\components\page-not-found\page-not-found.component.spec.js.map
C:\home\kevinj\projects\Expenses.Mvc\Expenses\ClientApp\dist\out-tsc\src\app\components\home\home.component.spec.js
C:\home\kevinj\projects\Expenses.Mvc\Expenses\ClientApp\dist\out-tsc\src\app\components\home\home.component.spec.js.map
C:\home\kevinj\projects\Expenses.Mvc\Expenses\ClientApp\dist\out-tsc\src\app\components\expense-claims\expense-claims.component.spec.js
C:\home\kevinj\projects\Expenses.Mvc\Expenses\ClientApp\dist\out-tsc\src\app\components\expense-claims\expense-claims.component.spec.js.map
C:\home\kevinj\projects\Expenses.Mvc\Expenses\ClientApp\dist\out-tsc\e2e\app.po.js
C:\home\kevinj\projects\Expenses.Mvc\Expenses\ClientApp\dist\out-tsc\e2e\app.po.js.map
C:\home\kevinj\projects\Expenses.Mvc\Expenses\ClientApp\dist\out-tsc\e2e\app.e2e-spec.js
C:\home\kevinj\projects\Expenses.Mvc\Expenses\ClientApp\dist\out-tsc\e2e\app.e2e-spec.js.map
C:\home\kevinj\projects\Expenses.Mvc\Expenses\ClientApp\dist\out-tsc\src\app\app.component.js
C:\home\kevinj\projects\Expenses.Mvc\Expenses\ClientApp\dist\out-tsc\src\app\app.component.js.map
C:\home\kevinj\projects\Expenses.Mvc\Expenses\ClientApp\dist\out-tsc\src\app\components\home\home.component.js
C:\home\kevinj\projects\Expenses.Mvc\Expenses\ClientApp\dist\out-tsc\src\app\components\home\home.component.js.map
C:\home\kevinj\projects\Expenses.Mvc\Expenses\ClientApp\dist\out-tsc\src\app\components\page-not-found\page-not-found.component.js
C:\home\kevinj\projects\Expenses.Mvc\Expenses\ClientApp\dist\out-tsc\src\app\components\page-not-found\page-not-found.component.js.map
C:\home\kevinj\projects\Expenses.Mvc\Expenses\ClientApp\dist\out-tsc\src\app\services\expense-item.js
C:\home\kevinj\projects\Expenses.Mvc\Expenses\ClientApp\dist\out-tsc\src\app\services\expense-item.js.map
C:\home\kevinj\projects\Expenses.Mvc\Expenses\ClientApp\dist\out-tsc\src\app\services\expense-claim.js
C:\home\kevinj\projects\Expenses.Mvc\Expenses\ClientApp\dist\out-tsc\src\app\services\expense-claim.js.map
C:\home\kevinj\projects\Expenses.Mvc\Expenses\ClientApp\dist\out-tsc\src\app\services\expenses.service.js
C:\home\kevinj\projects\Expenses.Mvc\Expenses\ClientApp\dist\out-tsc\src\app\services\expenses.service.js.map
C:\home\kevinj\projects\Expenses.Mvc\Expenses\ClientApp\dist\out-tsc\src\app\components\expense-claims\expense-claims.component.js
C:\home\kevinj\projects\Expenses.Mvc\Expenses\ClientApp\dist\out-tsc\src\app\components\expense-claims\expense-claims.component.js.map
C:\home\kevinj\projects\Expenses.Mvc\Expenses\ClientApp\dist\out-tsc\src\app\app.routes.js
C:\home\kevinj\projects\Expenses.Mvc\Expenses\ClientApp\dist\out-tsc\src\app\app.routes.js.map
C:\home\kevinj\projects\Expenses.Mvc\Expenses\ClientApp\dist\out-tsc\src\app\app.module.js
C:\home\kevinj\projects\Expenses.Mvc\Expenses\ClientApp\dist\out-tsc\src\app\app.module.js.map
C:\home\kevinj\projects\Expenses.Mvc\Expenses\ClientApp\dist\out-tsc\src\environments\environment.js
C:\home\kevinj\projects\Expenses.Mvc\Expenses\ClientApp\dist\out-tsc\src\environments\environment.js.map
C:\home\kevinj\projects\Expenses.Mvc\Expenses\ClientApp\dist\out-tsc\src\main.js
C:\home\kevinj\projects\Expenses.Mvc\Expenses\ClientApp\dist\out-tsc\src\main.js.map
C:\home\kevinj\projects\Expenses.Mvc\Expenses\ClientApp\dist\out-tsc\src\polyfills.js
C:\home\kevinj\projects\Expenses.Mvc\Expenses\ClientApp\dist\out-tsc\src\polyfills.js.map
C:\home\kevinj\projects\Expenses.Mvc\Expenses\ClientApp\dist\out-tsc\src\test.js
C:\home\kevinj\projects\Expenses.Mvc\Expenses\ClientApp\dist\out-tsc\src\test.js.map
C:\home\kevinj\projects\Expenses.Mvc\Expenses\ClientApp\dist\out-tsc\src\environments\environment.prod.js
C:\home\kevinj\projects\Expenses.Mvc\Expenses\ClientApp\dist\out-tsc\src\environments\environment.prod.js.map
C:\home\kevinj\projects\Expenses.Mvc\Expenses\ClientApp\dist\out-tsc\src\app\app.component.spec.js
C:\home\kevinj\projects\Expenses.Mvc\Expenses\ClientApp\dist\out-tsc\src\app\app.component.spec.js.map
C:\home\kevinj\projects\Expenses.Mvc\Expenses\ClientApp\dist\out-tsc\src\app\services\expenses.service.spec.js
C:\home\kevinj\projects\Expenses.Mvc\Expenses\ClientApp\dist\out-tsc\src\app\services\expenses.service.spec.js.map
C:\home\kevinj\projects\Expenses.Mvc\Expenses\ClientApp\dist\out-tsc\src\app\components\page-not-found\page-not-found.component.spec.js
C:\home\kevinj\projects\Expenses.Mvc\Expenses\ClientApp\dist\out-tsc\src\app\components\page-not-found\page-not-found.component.spec.js.map
C:\home\kevinj\projects\Expenses.Mvc\Expenses\ClientApp\dist\out-tsc\src\app\components\home\home.component.spec.js
C:\home\kevinj\projects\Expenses.Mvc\Expenses\ClientApp\dist\out-tsc\src\app\components\home\home.component.spec.js.map
C:\home\kevinj\projects\Expenses.Mvc\Expenses\ClientApp\dist\out-tsc\src\app\components\expense-claims\expense-claims.component.spec.js
C:\home\kevinj\projects\Expenses.Mvc\Expenses\ClientApp\dist\out-tsc\src\app\components\expense-claims\expense-claims.component.spec.js.map
C:\home\kevinj\projects\Expenses.Mvc\Expenses\ClientApp\dist\out-tsc\e2e\app.po.js
C:\home\kevinj\projects\Expenses.Mvc\Expenses\ClientApp\dist\out-tsc\e2e\app.po.js.map
C:\home\kevinj\projects\Expenses.Mvc\Expenses\ClientApp\dist\out-tsc\e2e\app.e2e-spec.js
C:\home\kevinj\projects\Expenses.Mvc\Expenses\ClientApp\dist\out-tsc\e2e\app.e2e-spec.js.map
C:\home\kevinj\projects\Expenses.Mvc\Expenses\ClientApp\dist\out-tsc\src\app\app.component.js
C:\home\kevinj\projects\Expenses.Mvc\Expenses\ClientApp\dist\out-tsc\src\app\app.component.js.map
C:\home\kevinj\projects\Expenses.Mvc\Expenses\ClientApp\dist\out-tsc\src\app\components\home\home.component.js
C:\home\kevinj\projects\Expenses.Mvc\Expenses\ClientApp\dist\out-tsc\src\app\components\home\home.component.js.map
C:\home\kevinj\projects\Expenses.Mvc\Expenses\ClientApp\dist\out-tsc\src\app\components\page-not-found\page-not-found.component.js
C:\home\kevinj\projects\Expenses.Mvc\Expenses\ClientApp\dist\out-tsc\src\app\components\page-not-found\page-not-found.component.js.map
C:\home\kevinj\projects\Expenses.Mvc\Expenses\ClientApp\dist\out-tsc\src\app\services\expense-item.js
C:\home\kevinj\projects\Expenses.Mvc\Expenses\ClientApp\dist\out-tsc\src\app\services\expense-item.js.map
C:\home\kevinj\projects\Expenses.Mvc\Expenses\ClientApp\dist\out-tsc\src\app\services\expense-claim.js
C:\home\kevinj\projects\Expenses.Mvc\Expenses\ClientApp\dist\out-tsc\src\app\services\expense-claim.js.map
C:\home\kevinj\projects\Expenses.Mvc\Expenses\ClientApp\dist\out-tsc\src\app\services\expenses.service.js
C:\home\kevinj\projects\Expenses.Mvc\Expenses\ClientApp\dist\out-tsc\src\app\services\expenses.service.js.map
C:\home\kevinj\projects\Expenses.Mvc\Expenses\ClientApp\dist\out-tsc\src\app\components\expense-claims\expense-claims.component.js
C:\home\kevinj\projects\Expenses.Mvc\Expenses\ClientApp\dist\out-tsc\src\app\components\expense-claims\expense-claims.component.js.map
C:\home\kevinj\projects\Expenses.Mvc\Expenses\ClientApp\dist\out-tsc\src\app\app.routes.js
C:\home\kevinj\projects\Expenses.Mvc\Expenses\ClientApp\dist\out-tsc\src\app\app.routes.js.map
C:\home\kevinj\projects\Expenses.Mvc\Expenses\ClientApp\dist\out-tsc\src\app\app.module.js
C:\home\kevinj\projects\Expenses.Mvc\Expenses\ClientApp\dist\out-tsc\src\app\app.module.js.map
C:\home\kevinj\projects\Expenses.Mvc\Expenses\ClientApp\dist\out-tsc\src\environments\environment.js
C:\home\kevinj\projects\Expenses.Mvc\Expenses\ClientApp\dist\out-tsc\src\environments\environment.js.map
C:\home\kevinj\projects\Expenses.Mvc\Expenses\ClientApp\dist\out-tsc\src\main.js
C:\home\kevinj\projects\Expenses.Mvc\Expenses\ClientApp\dist\out-tsc\src\main.js.map
C:\home\kevinj\projects\Expenses.Mvc\Expenses\ClientApp\dist\out-tsc\src\polyfills.js
C:\home\kevinj\projects\Expenses.Mvc\Expenses\ClientApp\dist\out-tsc\src\polyfills.js.map
C:\home\kevinj\projects\Expenses.Mvc\Expenses\ClientApp\dist\out-tsc\src\test.js
C:\home\kevinj\projects\Expenses.Mvc\Expenses\ClientApp\dist\out-tsc\src\test.js.map
C:\home\kevinj\projects\Expenses.Mvc\Expenses\ClientApp\dist\out-tsc\src\environments\environment.prod.js
C:\home\kevinj\projects\Expenses.Mvc\Expenses\ClientApp\dist\out-tsc\src\environments\environment.prod.js.map
C:\home\kevinj\projects\Expenses.Mvc\Expenses\ClientApp\dist\out-tsc\src\app\app.component.spec.js
C:\home\kevinj\projects\Expenses.Mvc\Expenses\ClientApp\dist\out-tsc\src\app\app.component.spec.js.map
C:\home\kevinj\projects\Expenses.Mvc\Expenses\ClientApp\dist\out-tsc\src\app\services\expenses.service.spec.js
C:\home\kevinj\projects\Expenses.Mvc\Expenses\ClientApp\dist\out-tsc\src\app\services\expenses.service.spec.js.map
C:\home\kevinj\projects\Expenses.Mvc\Expenses\ClientApp\dist\out-tsc\src\app\components\page-not-found\page-not-found.component.spec.js
C:\home\kevinj\projects\Expenses.Mvc\Expenses\ClientApp\dist\out-tsc\src\app\components\page-not-found\page-not-found.component.spec.js.map
C:\home\kevinj\projects\Expenses.Mvc\Expenses\ClientApp\dist\out-tsc\src\app\components\home\home.component.spec.js
C:\home\kevinj\projects\Expenses.Mvc\Expenses\ClientApp\dist\out-tsc\src\app\components\home\home.component.spec.js.map
C:\home\kevinj\projects\Expenses.Mvc\Expenses\ClientApp\dist\out-tsc\src\app\components\expense-claims\expense-claims.component.spec.js
C:\home\kevinj\projects\Expenses.Mvc\Expenses\ClientApp\dist\out-tsc\src\app\components\expense-claims\expense-claims.component.spec.js.map
C:\home\kevinj\projects\Expenses.Mvc\Expenses\ClientApp\dist\out-tsc\e2e\app.po.js
C:\home\kevinj\projects\Expenses.Mvc\Expenses\ClientApp\dist\out-tsc\e2e\app.po.js.map
C:\home\kevinj\projects\Expenses.Mvc\Expenses\ClientApp\dist\out-tsc\e2e\app.e2e-spec.js
C:\home\kevinj\projects\Expenses.Mvc\Expenses\ClientApp\dist\out-tsc\e2e\app.e2e-spec.js.map
C:\home\kevinj\projects\Expenses.Mvc\Expenses\ClientApp\dist\out-tsc\src\app\app.component.js
C:\home\kevinj\projects\Expenses.Mvc\Expenses\ClientApp\dist\out-tsc\src\app\app.component.js.map
C:\home\kevinj\projects\Expenses.Mvc\Expenses\ClientApp\dist\out-tsc\src\app\components\home\home.component.js
C:\home\kevinj\projects\Expenses.Mvc\Expenses\ClientApp\dist\out-tsc\src\app\components\home\home.component.js.map
C:\home\kevinj\projects\Expenses.Mvc\Expenses\ClientApp\dist\out-tsc\src\app\components\page-not-found\page-not-found.component.js
C:\home\kevinj\projects\Expenses.Mvc\Expenses\ClientApp\dist\out-tsc\src\app\components\page-not-found\page-not-found.component.js.map
C:\home\kevinj\projects\Expenses.Mvc\Expenses\ClientApp\dist\out-tsc\src\app\services\expense-item.js
C:\home\kevinj\projects\Expenses.Mvc\Expenses\ClientApp\dist\out-tsc\src\app\services\expense-item.js.map
C:\home\kevinj\projects\Expenses.Mvc\Expenses\ClientApp\dist\out-tsc\src\app\services\expense-claim.js
C:\home\kevinj\projects\Expenses.Mvc\Expenses\ClientApp\dist\out-tsc\src\app\services\expense-claim.js.map
C:\home\kevinj\projects\Expenses.Mvc\Expenses\ClientApp\dist\out-tsc\src\app\services\expenses.service.js
C:\home\kevinj\projects\Expenses.Mvc\Expenses\ClientApp\dist\out-tsc\src\app\services\expenses.service.js.map
C:\home\kevinj\projects\Expenses.Mvc\Expenses\ClientApp\dist\out-tsc\src\app\components\expense-claims\expense-claims.component.js
C:\home\kevinj\projects\Expenses.Mvc\Expenses\ClientApp\dist\out-tsc\src\app\components\expense-claims\expense-claims.component.js.map
C:\home\kevinj\projects\Expenses.Mvc\Expenses\ClientApp\dist\out-tsc\src\app\app.routes.js
C:\home\kevinj\projects\Expenses.Mvc\Expenses\ClientApp\dist\out-tsc\src\app\app.routes.js.map
C:\home\kevinj\projects\Expenses.Mvc\Expenses\ClientApp\dist\out-tsc\src\app\app.module.js
C:\home\kevinj\projects\Expenses.Mvc\Expenses\ClientApp\dist\out-tsc\src\app\app.module.js.map
C:\home\kevinj\projects\Expenses.Mvc\Expenses\ClientApp\dist\out-tsc\src\environments\environment.js
C:\home\kevinj\projects\Expenses.Mvc\Expenses\ClientApp\dist\out-tsc\src\environments\environment.js.map
C:\home\kevinj\projects\Expenses.Mvc\Expenses\ClientApp\dist\out-tsc\src\main.js
C:\home\kevinj\projects\Expenses.Mvc\Expenses\ClientApp\dist\out-tsc\src\main.js.map
C:\home\kevinj\projects\Expenses.Mvc\Expenses\ClientApp\dist\out-tsc\src\polyfills.js
C:\home\kevinj\projects\Expenses.Mvc\Expenses\ClientApp\dist\out-tsc\src\polyfills.js.map
C:\home\kevinj\projects\Expenses.Mvc\Expenses\ClientApp\dist\out-tsc\src\test.js
C:\home\kevinj\projects\Expenses.Mvc\Expenses\ClientApp\dist\out-tsc\src\test.js.map
C:\home\kevinj\projects\Expenses.Mvc\Expenses\ClientApp\dist\out-tsc\src\environments\environment.prod.js
C:\home\kevinj\projects\Expenses.Mvc\Expenses\ClientApp\dist\out-tsc\src\environments\environment.prod.js.map
C:\home\kevinj\projects\Expenses.Mvc\Expenses\ClientApp\dist\out-tsc\src\app\app.component.spec.js
C:\home\kevinj\projects\Expenses.Mvc\Expenses\ClientApp\dist\out-tsc\src\app\app.component.spec.js.map
C:\home\kevinj\projects\Expenses.Mvc\Expenses\ClientApp\dist\out-tsc\src\app\services\expenses.service.spec.js
C:\home\kevinj\projects\Expenses.Mvc\Expenses\ClientApp\dist\out-tsc\src\app\services\expenses.service.spec.js.map
C:\home\kevinj\projects\Expenses.Mvc\Expenses\ClientApp\dist\out-tsc\src\app\components\page-not-found\page-not-found.component.spec.js
C:\home\kevinj\projects\Expenses.Mvc\Expenses\ClientApp\dist\out-tsc\src\app\components\page-not-found\page-not-found.component.spec.js.map
C:\home\kevinj\projects\Expenses.Mvc\Expenses\ClientApp\dist\out-tsc\src\app\components\home\home.component.spec.js
C:\home\kevinj\projects\Expenses.Mvc\Expenses\ClientApp\dist\out-tsc\src\app\components\home\home.component.spec.js.map
C:\home\kevinj\projects\Expenses.Mvc\Expenses\ClientApp\dist\out-tsc\src\app\components\expense-claims\expense-claims.component.spec.js
C:\home\kevinj\projects\Expenses.Mvc\Expenses\ClientApp\dist\out-tsc\src\app\components\expense-claims\expense-claims.component.spec.js.map
C:\home\kevinj\projects\Expenses.Mvc\Expenses\ClientApp\dist\out-tsc\e2e\app.po.js
C:\home\kevinj\projects\Expenses.Mvc\Expenses\ClientApp\dist\out-tsc\e2e\app.po.js.map
C:\home\kevinj\projects\Expenses.Mvc\Expenses\ClientApp\dist\out-tsc\e2e\app.e2e-spec.js
C:\home\kevinj\projects\Expenses.Mvc\Expenses\ClientApp\dist\out-tsc\e2e\app.e2e-spec.js.map
C:\home\kevinj\projects\Expenses.Mvc\Expenses\ClientApp\dist\out-tsc\src\app\app.component.js
C:\home\kevinj\projects\Expenses.Mvc\Expenses\ClientApp\dist\out-tsc\src\app\app.component.js.map
C:\home\kevinj\projects\Expenses.Mvc\Expenses\ClientApp\dist\out-tsc\src\app\components\home\home.component.js
C:\home\kevinj\projects\Expenses.Mvc\Expenses\ClientApp\dist\out-tsc\src\app\components\home\home.component.js.map
C:\home\kevinj\projects\Expenses.Mvc\Expenses\ClientApp\dist\out-tsc\src\app\components\page-not-found\page-not-found.component.js
C:\home\kevinj\projects\Expenses.Mvc\Expenses\ClientApp\dist\out-tsc\src\app\components\page-not-found\page-not-found.component.js.map
C:\home\kevinj\projects\Expenses.Mvc\Expenses\ClientApp\dist\out-tsc\src\app\services\expense-item.js
C:\home\kevinj\projects\Expenses.Mvc\Expenses\ClientApp\dist\out-tsc\src\app\services\expense-item.js.map
C:\home\kevinj\projects\Expenses.Mvc\Expenses\ClientApp\dist\out-tsc\src\app\services\expense-claim.js
C:\home\kevinj\projects\Expenses.Mvc\Expenses\ClientApp\dist\out-tsc\src\app\services\expense-claim.js.map
C:\home\kevinj\projects\Expenses.Mvc\Expenses\ClientApp\dist\out-tsc\src\app\services\expenses.service.js
C:\home\kevinj\projects\Expenses.Mvc\Expenses\ClientApp\dist\out-tsc\src\app\services\expenses.service.js.map
C:\home\kevinj\projects\Expenses.Mvc\Expenses\ClientApp\dist\out-tsc\src\app\components\expense-claims\expense-claims.component.js
C:\home\kevinj\projects\Expenses.Mvc\Expenses\ClientApp\dist\out-tsc\src\app\components\expense-claims\expense-claims.component.js.map
C:\home\kevinj\projects\Expenses.Mvc\Expenses\ClientApp\dist\out-tsc\src\app\app.routes.js
C:\home\kevinj\projects\Expenses.Mvc\Expenses\ClientApp\dist\out-tsc\src\app\app.routes.js.map
C:\home\kevinj\projects\Expenses.Mvc\Expenses\ClientApp\dist\out-tsc\src\app\app.module.js
C:\home\kevinj\projects\Expenses.Mvc\Expenses\ClientApp\dist\out-tsc\src\app\app.module.js.map
C:\home\kevinj\projects\Expenses.Mvc\Expenses\ClientApp\dist\out-tsc\src\environments\environment.js
C:\home\kevinj\projects\Expenses.Mvc\Expenses\ClientApp\dist\out-tsc\src\environments\environment.js.map
C:\home\kevinj\projects\Expenses.Mvc\Expenses\ClientApp\dist\out-tsc\src\main.js
C:\home\kevinj\projects\Expenses.Mvc\Expenses\ClientApp\dist\out-tsc\src\main.js.map
C:\home\kevinj\projects\Expenses.Mvc\Expenses\ClientApp\dist\out-tsc\src\polyfills.js
C:\home\kevinj\projects\Expenses.Mvc\Expenses\ClientApp\dist\out-tsc\src\polyfills.js.map
C:\home\kevinj\projects\Expenses.Mvc\Expenses\ClientApp\dist\out-tsc\src\test.js
C:\home\kevinj\projects\Expenses.Mvc\Expenses\ClientApp\dist\out-tsc\src\test.js.map
C:\home\kevinj\projects\Expenses.Mvc\Expenses\ClientApp\dist\out-tsc\src\environments\environment.prod.js
C:\home\kevinj\projects\Expenses.Mvc\Expenses\ClientApp\dist\out-tsc\src\environments\environment.prod.js.map
C:\home\kevinj\projects\Expenses.Mvc\Expenses\ClientApp\dist\out-tsc\src\app\app.component.spec.js
C:\home\kevinj\projects\Expenses.Mvc\Expenses\ClientApp\dist\out-tsc\src\app\app.component.spec.js.map
C:\home\kevinj\projects\Expenses.Mvc\Expenses\ClientApp\dist\out-tsc\src\app\services\expenses.service.spec.js
C:\home\kevinj\projects\Expenses.Mvc\Expenses\ClientApp\dist\out-tsc\src\app\services\expenses.service.spec.js.map
C:\home\kevinj\projects\Expenses.Mvc\Expenses\ClientApp\dist\out-tsc\src\app\components\page-not-found\page-not-found.component.spec.js
C:\home\kevinj\projects\Expenses.Mvc\Expenses\ClientApp\dist\out-tsc\src\app\components\page-not-found\page-not-found.component.spec.js.map
C:\home\kevinj\projects\Expenses.Mvc\Expenses\ClientApp\dist\out-tsc\src\app\components\home\home.component.spec.js
C:\home\kevinj\projects\Expenses.Mvc\Expenses\ClientApp\dist\out-tsc\src\app\components\home\home.component.spec.js.map
C:\home\kevinj\projects\Expenses.Mvc\Expenses\ClientApp\dist\out-tsc\src\app\components\expense-claims\expense-claims.component.spec.js
C:\home\kevinj\projects\Expenses.Mvc\Expenses\ClientApp\dist\out-tsc\src\app\components\expense-claims\expense-claims.component.spec.js.map
C:\home\kevinj\projects\Expenses.Mvc\Expenses\ClientApp\dist\out-tsc\e2e\app.po.js
C:\home\kevinj\projects\Expenses.Mvc\Expenses\ClientApp\dist\out-tsc\e2e\app.po.js.map
C:\home\kevinj\projects\Expenses.Mvc\Expenses\ClientApp\dist\out-tsc\e2e\app.e2e-spec.js
C:\home\kevinj\projects\Expenses.Mvc\Expenses\ClientApp\dist\out-tsc\e2e\app.e2e-spec.js.map
C:\home\kevinj\projects\Expenses.Mvc\Expenses\ClientApp\dist\out-tsc\src\app\app.component.js
C:\home\kevinj\projects\Expenses.Mvc\Expenses\ClientApp\dist\out-tsc\src\app\app.component.js.map
C:\home\kevinj\projects\Expenses.Mvc\Expenses\ClientApp\dist\out-tsc\src\app\components\home\home.component.js
C:\home\kevinj\projects\Expenses.Mvc\Expenses\ClientApp\dist\out-tsc\src\app\components\home\home.component.js.map
C:\home\kevinj\projects\Expenses.Mvc\Expenses\ClientApp\dist\out-tsc\src\app\components\page-not-found\page-not-found.component.js
C:\home\kevinj\projects\Expenses.Mvc\Expenses\ClientApp\dist\out-tsc\src\app\components\page-not-found\page-not-found.component.js.map
C:\home\kevinj\projects\Expenses.Mvc\Expenses\ClientApp\dist\out-tsc\src\app\services\expense-item.js
C:\home\kevinj\projects\Expenses.Mvc\Expenses\ClientApp\dist\out-tsc\src\app\services\expense-item.js.map
C:\home\kevinj\projects\Expenses.Mvc\Expenses\ClientApp\dist\out-tsc\src\app\services\expense-claim.js
C:\home\kevinj\projects\Expenses.Mvc\Expenses\ClientApp\dist\out-tsc\src\app\services\expense-claim.js.map
C:\home\kevinj\projects\Expenses.Mvc\Expenses\ClientApp\dist\out-tsc\src\app\services\expenses.service.js
C:\home\kevinj\projects\Expenses.Mvc\Expenses\ClientApp\dist\out-tsc\src\app\services\expenses.service.js.map
C:\home\kevinj\projects\Expenses.Mvc\Expenses\ClientApp\dist\out-tsc\src\app\components\expense-claims\expense-claims.component.js
C:\home\kevinj\projects\Expenses.Mvc\Expenses\ClientApp\dist\out-tsc\src\app\components\expense-claims\expense-claims.component.js.map
C:\home\kevinj\projects\Expenses.Mvc\Expenses\ClientApp\dist\out-tsc\src\app\app.routes.js
C:\home\kevinj\projects\Expenses.Mvc\Expenses\ClientApp\dist\out-tsc\src\app\app.routes.js.map
C:\home\kevinj\projects\Expenses.Mvc\Expenses\ClientApp\dist\out-tsc\src\app\app.module.js
C:\home\kevinj\projects\Expenses.Mvc\Expenses\ClientApp\dist\out-tsc\src\app\app.module.js.map
C:\home\kevinj\projects\Expenses.Mvc\Expenses\ClientApp\dist\out-tsc\src\environments\environment.js
C:\home\kevinj\projects\Expenses.Mvc\Expenses\ClientApp\dist\out-tsc\src\environments\environment.js.map
C:\home\kevinj\projects\Expenses.Mvc\Expenses\ClientApp\dist\out-tsc\src\main.js
C:\home\kevinj\projects\Expenses.Mvc\Expenses\ClientApp\dist\out-tsc\src\main.js.map
C:\home\kevinj\projects\Expenses.Mvc\Expenses\ClientApp\dist\out-tsc\src\polyfills.js
C:\home\kevinj\projects\Expenses.Mvc\Expenses\ClientApp\dist\out-tsc\src\polyfills.js.map
C:\home\kevinj\projects\Expenses.Mvc\Expenses\ClientApp\dist\out-tsc\src\test.js
C:\home\kevinj\projects\Expenses.Mvc\Expenses\ClientApp\dist\out-tsc\src\test.js.map
C:\home\kevinj\projects\Expenses.Mvc\Expenses\ClientApp\dist\out-tsc\src\environments\environment.prod.js
C:\home\kevinj\projects\Expenses.Mvc\Expenses\ClientApp\dist\out-tsc\src\environments\environment.prod.js.map
C:\home\kevinj\projects\Expenses.Mvc\Expenses\ClientApp\dist\out-tsc\src\app\app.component.spec.js
C:\home\kevinj\projects\Expenses.Mvc\Expenses\ClientApp\dist\out-tsc\src\app\app.component.spec.js.map
C:\home\kevinj\projects\Expenses.Mvc\Expenses\ClientApp\dist\out-tsc\src\app\services\expenses.service.spec.js
C:\home\kevinj\projects\Expenses.Mvc\Expenses\ClientApp\dist\out-tsc\src\app\services\expenses.service.spec.js.map
C:\home\kevinj\projects\Expenses.Mvc\Expenses\ClientApp\dist\out-tsc\src\app\components\page-not-found\page-not-found.component.spec.js
C:\home\kevinj\projects\Expenses.Mvc\Expenses\ClientApp\dist\out-tsc\src\app\components\page-not-found\page-not-found.component.spec.js.map
C:\home\kevinj\projects\Expenses.Mvc\Expenses\ClientApp\dist\out-tsc\src\app\components\home\home.component.spec.js
C:\home\kevinj\projects\Expenses.Mvc\Expenses\ClientApp\dist\out-tsc\src\app\components\home\home.component.spec.js.map
C:\home\kevinj\projects\Expenses.Mvc\Expenses\ClientApp\dist\out-tsc\src\app\components\expense-claims\expense-claims.component.spec.js
C:\home\kevinj\projects\Expenses.Mvc\Expenses\ClientApp\dist\out-tsc\src\app\components\expense-claims\expense-claims.component.spec.js.map
C:\home\kevinj\projects\Expenses.Mvc\Expenses\ClientApp\dist\out-tsc\e2e\app.po.js
C:\home\kevinj\projects\Expenses.Mvc\Expenses\ClientApp\dist\out-tsc\e2e\app.po.js.map
C:\home\kevinj\projects\Expenses.Mvc\Expenses\ClientApp\dist\out-tsc\e2e\app.e2e-spec.js
C:\home\kevinj\projects\Expenses.Mvc\Expenses\ClientApp\dist\out-tsc\e2e\app.e2e-spec.js.map
C:\home\kevinj\projects\Expenses.Mvc\Expenses\ClientApp\dist\out-tsc\src\app\app.component.js
C:\home\kevinj\projects\Expenses.Mvc\Expenses\ClientApp\dist\out-tsc\src\app\app.component.js.map
C:\home\kevinj\projects\Expenses.Mvc\Expenses\ClientApp\dist\out-tsc\src\app\components\home\home.component.js
C:\home\kevinj\projects\Expenses.Mvc\Expenses\ClientApp\dist\out-tsc\src\app\components\home\home.component.js.map
C:\home\kevinj\projects\Expenses.Mvc\Expenses\ClientApp\dist\out-tsc\src\app\components\page-not-found\page-not-found.component.js
C:\home\kevinj\projects\Expenses.Mvc\Expenses\ClientApp\dist\out-tsc\src\app\components\page-not-found\page-not-found.component.js.map
C:\home\kevinj\projects\Expenses.Mvc\Expenses\ClientApp\dist\out-tsc\src\app\services\expense-item.js
C:\home\kevinj\projects\Expenses.Mvc\Expenses\ClientApp\dist\out-tsc\src\app\services\expense-item.js.map
C:\home\kevinj\projects\Expenses.Mvc\Expenses\ClientApp\dist\out-tsc\src\app\services\expense-claim.js
C:\home\kevinj\projects\Expenses.Mvc\Expenses\ClientApp\dist\out-tsc\src\app\services\expense-claim.js.map
C:\home\kevinj\projects\Expenses.Mvc\Expenses\ClientApp\dist\out-tsc\src\app\services\expenses.service.js
C:\home\kevinj\projects\Expenses.Mvc\Expenses\ClientApp\dist\out-tsc\src\app\services\expenses.service.js.map
C:\home\kevinj\projects\Expenses.Mvc\Expenses\ClientApp\dist\out-tsc\src\app\components\expense-claims\expense-claims.component.js
C:\home\kevinj\projects\Expenses.Mvc\Expenses\ClientApp\dist\out-tsc\src\app\components\expense-claims\expense-claims.component.js.map
C:\home\kevinj\projects\Expenses.Mvc\Expenses\ClientApp\dist\out-tsc\src\app\app.routes.js
C:\home\kevinj\projects\Expenses.Mvc\Expenses\ClientApp\dist\out-tsc\src\app\app.routes.js.map
C:\home\kevinj\projects\Expenses.Mvc\Expenses\ClientApp\dist\out-tsc\src\app\app.module.js
C:\home\kevinj\projects\Expenses.Mvc\Expenses\ClientApp\dist\out-tsc\src\app\app.module.js.map
C:\home\kevinj\projects\Expenses.Mvc\Expenses\ClientApp\dist\out-tsc\src\environments\environment.js
C:\home\kevinj\projects\Expenses.Mvc\Expenses\ClientApp\dist\out-tsc\src\environments\environment.js.map
C:\home\kevinj\projects\Expenses.Mvc\Expenses\ClientApp\dist\out-tsc\src\main.js
C:\home\kevinj\projects\Expenses.Mvc\Expenses\ClientApp\dist\out-tsc\src\main.js.map
C:\home\kevinj\projects\Expenses.Mvc\Expenses\ClientApp\dist\out-tsc\src\polyfills.js
C:\home\kevinj\projects\Expenses.Mvc\Expenses\ClientApp\dist\out-tsc\src\polyfills.js.map
C:\home\kevinj\projects\Expenses.Mvc\Expenses\ClientApp\dist\out-tsc\src\test.js
C:\home\kevinj\projects\Expenses.Mvc\Expenses\ClientApp\dist\out-tsc\src\test.js.map
C:\home\kevinj\projects\Expenses.Mvc\Expenses\ClientApp\dist\out-tsc\src\environments\environment.prod.js
C:\home\kevinj\projects\Expenses.Mvc\Expenses\ClientApp\dist\out-tsc\src\environments\environment.prod.js.map
C:\home\kevinj\projects\Expenses.Mvc\Expenses\ClientApp\dist\out-tsc\src\app\app.component.spec.js
C:\home\kevinj\projects\Expenses.Mvc\Expenses\ClientApp\dist\out-tsc\src\app\app.component.spec.js.map
C:\home\kevinj\projects\Expenses.Mvc\Expenses\ClientApp\dist\out-tsc\src\app\services\expenses.service.spec.js
C:\home\kevinj\projects\Expenses.Mvc\Expenses\ClientApp\dist\out-tsc\src\app\services\expenses.service.spec.js.map
C:\home\kevinj\projects\Expenses.Mvc\Expenses\ClientApp\dist\out-tsc\src\app\components\page-not-found\page-not-found.component.spec.js
C:\home\kevinj\projects\Expenses.Mvc\Expenses\ClientApp\dist\out-tsc\src\app\components\page-not-found\page-not-found.component.spec.js.map
C:\home\kevinj\projects\Expenses.Mvc\Expenses\ClientApp\dist\out-tsc\src\app\components\home\home.component.spec.js
C:\home\kevinj\projects\Expenses.Mvc\Expenses\ClientApp\dist\out-tsc\src\app\components\home\home.component.spec.js.map
C:\home\kevinj\projects\Expenses.Mvc\Expenses\ClientApp\dist\out-tsc\src\app\components\expense-claims\expense-claims.component.spec.js
C:\home\kevinj\projects\Expenses.Mvc\Expenses\ClientApp\dist\out-tsc\src\app\components\expense-claims\expense-claims.component.spec.js.map
C:\home\kevinj\projects\Expenses.Mvc\Expenses\ClientApp\dist\out-tsc\e2e\app.po.js
C:\home\kevinj\projects\Expenses.Mvc\Expenses\ClientApp\dist\out-tsc\e2e\app.po.js.map
C:\home\kevinj\projects\Expenses.Mvc\Expenses\ClientApp\dist\out-tsc\e2e\app.e2e-spec.js
C:\home\kevinj\projects\Expenses.Mvc\Expenses\ClientApp\dist\out-tsc\e2e\app.e2e-spec.js.map
C:\home\kevinj\projects\Expenses.Mvc\Expenses\ClientApp\dist\out-tsc\src\app\app.component.js
C:\home\kevinj\projects\Expenses.Mvc\Expenses\ClientApp\dist\out-tsc\src\app\app.component.js.map
C:\home\kevinj\projects\Expenses.Mvc\Expenses\ClientApp\dist\out-tsc\src\app\components\home\home.component.js
C:\home\kevinj\projects\Expenses.Mvc\Expenses\ClientApp\dist\out-tsc\src\app\components\home\home.component.js.map
C:\home\kevinj\projects\Expenses.Mvc\Expenses\ClientApp\dist\out-tsc\src\app\components\page-not-found\page-not-found.component.js
C:\home\kevinj\projects\Expenses.Mvc\Expenses\ClientApp\dist\out-tsc\src\app\components\page-not-found\page-not-found.component.js.map
C:\home\kevinj\projects\Expenses.Mvc\Expenses\ClientApp\dist\out-tsc\src\app\services\expense-item.js
C:\home\kevinj\projects\Expenses.Mvc\Expenses\ClientApp\dist\out-tsc\src\app\services\expense-item.js.map
C:\home\kevinj\projects\Expenses.Mvc\Expenses\ClientApp\dist\out-tsc\src\app\services\expense-claim.js
C:\home\kevinj\projects\Expenses.Mvc\Expenses\ClientApp\dist\out-tsc\src\app\services\expense-claim.js.map
C:\home\kevinj\projects\Expenses.Mvc\Expenses\ClientApp\dist\out-tsc\src\app\services\expenses.service.js
C:\home\kevinj\projects\Expenses.Mvc\Expenses\ClientApp\dist\out-tsc\src\app\services\expenses.service.js.map
C:\home\kevinj\projects\Expenses.Mvc\Expenses\ClientApp\dist\out-tsc\src\app\components\expense-claims\expense-claims.component.js
C:\home\kevinj\projects\Expenses.Mvc\Expenses\ClientApp\dist\out-tsc\src\app\components\expense-claims\expense-claims.component.js.map
C:\home\kevinj\projects\Expenses.Mvc\Expenses\ClientApp\dist\out-tsc\src\app\app.routes.js
C:\home\kevinj\projects\Expenses.Mvc\Expenses\ClientApp\dist\out-tsc\src\app\app.routes.js.map
C:\home\kevinj\projects\Expenses.Mvc\Expenses\ClientApp\dist\out-tsc\src\app\app.module.js
C:\home\kevinj\projects\Expenses.Mvc\Expenses\ClientApp\dist\out-tsc\src\app\app.module.js.map
C:\home\kevinj\projects\Expenses.Mvc\Expenses\ClientApp\dist\out-tsc\src\environments\environment.js
C:\home\kevinj\projects\Expenses.Mvc\Expenses\ClientApp\dist\out-tsc\src\environments\environment.js.map
C:\home\kevinj\projects\Expenses.Mvc\Expenses\ClientApp\dist\out-tsc\src\main.js
C:\home\kevinj\projects\Expenses.Mvc\Expenses\ClientApp\dist\out-tsc\src\main.js.map
C:\home\kevinj\projects\Expenses.Mvc\Expenses\ClientApp\dist\out-tsc\src\polyfills.js
C:\home\kevinj\projects\Expenses.Mvc\Expenses\ClientApp\dist\out-tsc\src\polyfills.js.map
C:\home\kevinj\projects\Expenses.Mvc\Expenses\ClientApp\dist\out-tsc\src\test.js
C:\home\kevinj\projects\Expenses.Mvc\Expenses\ClientApp\dist\out-tsc\src\test.js.map
C:\home\kevinj\projects\Expenses.Mvc\Expenses\ClientApp\dist\out-tsc\src\environments\environment.prod.js
C:\home\kevinj\projects\Expenses.Mvc\Expenses\ClientApp\dist\out-tsc\src\environments\environment.prod.js.map
C:\home\kevinj\projects\Expenses.Mvc\Expenses\ClientApp\dist\out-tsc\src\app\app.component.spec.js
C:\home\kevinj\projects\Expenses.Mvc\Expenses\ClientApp\dist\out-tsc\src\app\app.component.spec.js.map
C:\home\kevinj\projects\Expenses.Mvc\Expenses\ClientApp\dist\out-tsc\src\app\services\expenses.service.spec.js
C:\home\kevinj\projects\Expenses.Mvc\Expenses\ClientApp\dist\out-tsc\src\app\services\expenses.service.spec.js.map
C:\home\kevinj\projects\Expenses.Mvc\Expenses\ClientApp\dist\out-tsc\src\app\components\page-not-found\page-not-found.component.spec.js
C:\home\kevinj\projects\Expenses.Mvc\Expenses\ClientApp\dist\out-tsc\src\app\components\page-not-found\page-not-found.component.spec.js.map
C:\home\kevinj\projects\Expenses.Mvc\Expenses\ClientApp\dist\out-tsc\src\app\components\home\home.component.spec.js
C:\home\kevinj\projects\Expenses.Mvc\Expenses\ClientApp\dist\out-tsc\src\app\components\home\home.component.spec.js.map
C:\home\kevinj\projects\Expenses.Mvc\Expenses\ClientApp\dist\out-tsc\src\app\components\expense-claims\expense-claims.component.spec.js
C:\home\kevinj\projects\Expenses.Mvc\Expenses\ClientApp\dist\out-tsc\src\app\components\expense-claims\expense-claims.component.spec.js.map
C:\home\kevinj\projects\Expenses.Mvc\Expenses\ClientApp\dist\out-tsc\e2e\app.po.js
C:\home\kevinj\projects\Expenses.Mvc\Expenses\ClientApp\dist\out-tsc\e2e\app.po.js.map
C:\home\kevinj\projects\Expenses.Mvc\Expenses\ClientApp\dist\out-tsc\e2e\app.e2e-spec.js
C:\home\kevinj\projects\Expenses.Mvc\Expenses\ClientApp\dist\out-tsc\e2e\app.e2e-spec.js.map
C:\home\kevinj\projects\Expenses.Mvc\Expenses\ClientApp\dist\out-tsc\src\app\app.component.js
C:\home\kevinj\projects\Expenses.Mvc\Expenses\ClientApp\dist\out-tsc\src\app\app.component.js.map
C:\home\kevinj\projects\Expenses.Mvc\Expenses\ClientApp\dist\out-tsc\src\app\components\home\home.component.js
C:\home\kevinj\projects\Expenses.Mvc\Expenses\ClientApp\dist\out-tsc\src\app\components\home\home.component.js.map
C:\home\kevinj\projects\Expenses.Mvc\Expenses\ClientApp\dist\out-tsc\src\app\components\page-not-found\page-not-found.component.js
C:\home\kevinj\projects\Expenses.Mvc\Expenses\ClientApp\dist\out-tsc\src\app\components\page-not-found\page-not-found.component.js.map
C:\home\kevinj\projects\Expenses.Mvc\Expenses\ClientApp\dist\out-tsc\src\app\services\expense-item.js
C:\home\kevinj\projects\Expenses.Mvc\Expenses\ClientApp\dist\out-tsc\src\app\services\expense-item.js.map
C:\home\kevinj\projects\Expenses.Mvc\Expenses\ClientApp\dist\out-tsc\src\app\services\expense-claim.js
C:\home\kevinj\projects\Expenses.Mvc\Expenses\ClientApp\dist\out-tsc\src\app\services\expense-claim.js.map
C:\home\kevinj\projects\Expenses.Mvc\Expenses\ClientApp\dist\out-tsc\src\app\services\expenses.service.js
C:\home\kevinj\projects\Expenses.Mvc\Expenses\ClientApp\dist\out-tsc\src\app\services\expenses.service.js.map
C:\home\kevinj\projects\Expenses.Mvc\Expenses\ClientApp\dist\out-tsc\src\app\components\expense-claims\expense-claims.component.js
C:\home\kevinj\projects\Expenses.Mvc\Expenses\ClientApp\dist\out-tsc\src\app\components\expense-claims\expense-claims.component.js.map
C:\home\kevinj\projects\Expenses.Mvc\Expenses\ClientApp\dist\out-tsc\src\app\app.routes.js
C:\home\kevinj\projects\Expenses.Mvc\Expenses\ClientApp\dist\out-tsc\src\app\app.routes.js.map
C:\home\kevinj\projects\Expenses.Mvc\Expenses\ClientApp\dist\out-tsc\src\app\app.module.js
C:\home\kevinj\projects\Expenses.Mvc\Expenses\ClientApp\dist\out-tsc\src\app\app.module.js.map
C:\home\kevinj\projects\Expenses.Mvc\Expenses\ClientApp\dist\out-tsc\src\environments\environment.js
C:\home\kevinj\projects\Expenses.Mvc\Expenses\ClientApp\dist\out-tsc\src\environments\environment.js.map
C:\home\kevinj\projects\Expenses.Mvc\Expenses\ClientApp\dist\out-tsc\src\main.js
C:\home\kevinj\projects\Expenses.Mvc\Expenses\ClientApp\dist\out-tsc\src\main.js.map
C:\home\kevinj\projects\Expenses.Mvc\Expenses\ClientApp\dist\out-tsc\src\polyfills.js
C:\home\kevinj\projects\Expenses.Mvc\Expenses\ClientApp\dist\out-tsc\src\polyfills.js.map
C:\home\kevinj\projects\Expenses.Mvc\Expenses\ClientApp\dist\out-tsc\src\test.js
C:\home\kevinj\projects\Expenses.Mvc\Expenses\ClientApp\dist\out-tsc\src\test.js.map
C:\home\kevinj\projects\Expenses.Mvc\Expenses\ClientApp\dist\out-tsc\src\environments\environment.prod.js
C:\home\kevinj\projects\Expenses.Mvc\Expenses\ClientApp\dist\out-tsc\src\environments\environment.prod.js.map
C:\home\kevinj\projects\Expenses.Mvc\Expenses\ClientApp\dist\out-tsc\src\app\app.component.spec.js
C:\home\kevinj\projects\Expenses.Mvc\Expenses\ClientApp\dist\out-tsc\src\app\app.component.spec.js.map
C:\home\kevinj\projects\Expenses.Mvc\Expenses\ClientApp\dist\out-tsc\src\app\services\expenses.service.spec.js
C:\home\kevinj\projects\Expenses.Mvc\Expenses\ClientApp\dist\out-tsc\src\app\services\expenses.service.spec.js.map
C:\home\kevinj\projects\Expenses.Mvc\Expenses\ClientApp\dist\out-tsc\src\app\components\page-not-found\page-not-found.component.spec.js
C:\home\kevinj\projects\Expenses.Mvc\Expenses\ClientApp\dist\out-tsc\src\app\components\page-not-found\page-not-found.component.spec.js.map
C:\home\kevinj\projects\Expenses.Mvc\Expenses\ClientApp\dist\out-tsc\src\app\components\home\home.component.spec.js
C:\home\kevinj\projects\Expenses.Mvc\Expenses\ClientApp\dist\out-tsc\src\app\components\home\home.component.spec.js.map
C:\home\kevinj\projects\Expenses.Mvc\Expenses\ClientApp\dist\out-tsc\src\app\components\expense-claims\expense-claims.component.spec.js
C:\home\kevinj\projects\Expenses.Mvc\Expenses\ClientApp\dist\out-tsc\src\app\components\expense-claims\expense-claims.component.spec.js.map
C:\home\kevinj\projects\Expenses.Mvc\Expenses\ClientApp\dist\out-tsc\e2e\app.po.js
C:\home\kevinj\projects\Expenses.Mvc\Expenses\ClientApp\dist\out-tsc\e2e\app.po.js.map
C:\home\kevinj\projects\Expenses.Mvc\Expenses\ClientApp\dist\out-tsc\e2e\app.e2e-spec.js
C:\home\kevinj\projects\Expenses.Mvc\Expenses\ClientApp\dist\out-tsc\e2e\app.e2e-spec.js.map
C:\home\kevinj\projects\Expenses.Mvc\Expenses\ClientApp\dist\out-tsc\src\app\app.component.js
C:\home\kevinj\projects\Expenses.Mvc\Expenses\ClientApp\dist\out-tsc\src\app\app.component.js.map
C:\home\kevinj\projects\Expenses.Mvc\Expenses\ClientApp\dist\out-tsc\src\app\components\home\home.component.js
C:\home\kevinj\projects\Expenses.Mvc\Expenses\ClientApp\dist\out-tsc\src\app\components\home\home.component.js.map
C:\home\kevinj\projects\Expenses.Mvc\Expenses\ClientApp\dist\out-tsc\src\app\components\page-not-found\page-not-found.component.js
C:\home\kevinj\projects\Expenses.Mvc\Expenses\ClientApp\dist\out-tsc\src\app\components\page-not-found\page-not-found.component.js.map
C:\home\kevinj\projects\Expenses.Mvc\Expenses\ClientApp\dist\out-tsc\src\app\services\expense-item.js
C:\home\kevinj\projects\Expenses.Mvc\Expenses\ClientApp\dist\out-tsc\src\app\services\expense-item.js.map
C:\home\kevinj\projects\Expenses.Mvc\Expenses\ClientApp\dist\out-tsc\src\app\services\expense-claim.js
C:\home\kevinj\projects\Expenses.Mvc\Expenses\ClientApp\dist\out-tsc\src\app\services\expense-claim.js.map
C:\home\kevinj\projects\Expenses.Mvc\Expenses\ClientApp\dist\out-tsc\src\app\services\expenses.service.js
C:\home\kevinj\projects\Expenses.Mvc\Expenses\ClientApp\dist\out-tsc\src\app\services\expenses.service.js.map
C:\home\kevinj\projects\Expenses.Mvc\Expenses\ClientApp\dist\out-tsc\src\app\components\expense-claims\expense-claims.component.js
C:\home\kevinj\projects\Expenses.Mvc\Expenses\ClientApp\dist\out-tsc\src\app\components\expense-claims\expense-claims.component.js.map
C:\home\kevinj\projects\Expenses.Mvc\Expenses\ClientApp\dist\out-tsc\src\app\app.routes.js
C:\home\kevinj\projects\Expenses.Mvc\Expenses\ClientApp\dist\out-tsc\src\app\app.routes.js.map
C:\home\kevinj\projects\Expenses.Mvc\Expenses\ClientApp\dist\out-tsc\src\app\app.module.js
C:\home\kevinj\projects\Expenses.Mvc\Expenses\ClientApp\dist\out-tsc\src\app\app.module.js.map
C:\home\kevinj\projects\Expenses.Mvc\Expenses\ClientApp\dist\out-tsc\src\environments\environment.js
C:\home\kevinj\projects\Expenses.Mvc\Expenses\ClientApp\dist\out-tsc\src\environments\environment.js.map
C:\home\kevinj\projects\Expenses.Mvc\Expenses\ClientApp\dist\out-tsc\src\main.js
C:\home\kevinj\projects\Expenses.Mvc\Expenses\ClientApp\dist\out-tsc\src\main.js.map
C:\home\kevinj\projects\Expenses.Mvc\Expenses\ClientApp\dist\out-tsc\src\polyfills.js
C:\home\kevinj\projects\Expenses.Mvc\Expenses\ClientApp\dist\out-tsc\src\polyfills.js.map
C:\home\kevinj\projects\Expenses.Mvc\Expenses\ClientApp\dist\out-tsc\src\test.js
C:\home\kevinj\projects\Expenses.Mvc\Expenses\ClientApp\dist\out-tsc\src\test.js.map
C:\home\kevinj\projects\Expenses.Mvc\Expenses\ClientApp\dist\out-tsc\src\environments\environment.prod.js
C:\home\kevinj\projects\Expenses.Mvc\Expenses\ClientApp\dist\out-tsc\src\environments\environment.prod.js.map
C:\home\kevinj\projects\Expenses.Mvc\Expenses\ClientApp\dist\out-tsc\src\app\app.component.spec.js
C:\home\kevinj\projects\Expenses.Mvc\Expenses\ClientApp\dist\out-tsc\src\app\app.component.spec.js.map
C:\home\kevinj\projects\Expenses.Mvc\Expenses\ClientApp\dist\out-tsc\src\app\services\expenses.service.spec.js
C:\home\kevinj\projects\Expenses.Mvc\Expenses\ClientApp\dist\out-tsc\src\app\services\expenses.service.spec.js.map
C:\home\kevinj\projects\Expenses.Mvc\Expenses\ClientApp\dist\out-tsc\src\app\components\page-not-found\page-not-found.component.spec.js
C:\home\kevinj\projects\Expenses.Mvc\Expenses\ClientApp\dist\out-tsc\src\app\components\page-not-found\page-not-found.component.spec.js.map
C:\home\kevinj\projects\Expenses.Mvc\Expenses\ClientApp\dist\out-tsc\src\app\components\home\home.component.spec.js
C:\home\kevinj\projects\Expenses.Mvc\Expenses\ClientApp\dist\out-tsc\src\app\components\home\home.component.spec.js.map
C:\home\kevinj\projects\Expenses.Mvc\Expenses\ClientApp\dist\out-tsc\src\app\components\expense-claims\expense-claims.component.spec.js
C:\home\kevinj\projects\Expenses.Mvc\Expenses\ClientApp\dist\out-tsc\src\app\components\expense-claims\expense-claims.component.spec.js.map
C:\home\kevinj\projects\Expenses.Mvc\Expenses\ClientApp\dist\out-tsc\e2e\app.po.js
C:\home\kevinj\projects\Expenses.Mvc\Expenses\ClientApp\dist\out-tsc\e2e\app.po.js.map
C:\home\kevinj\projects\Expenses.Mvc\Expenses\ClientApp\dist\out-tsc\e2e\app.e2e-spec.js
C:\home\kevinj\projects\Expenses.Mvc\Expenses\ClientApp\dist\out-tsc\e2e\app.e2e-spec.js.map
C:\home\kevinj\projects\Expenses.Mvc\Expenses\ClientApp\dist\out-tsc\src\app\app.component.js
C:\home\kevinj\projects\Expenses.Mvc\Expenses\ClientApp\dist\out-tsc\src\app\app.component.js.map
C:\home\kevinj\projects\Expenses.Mvc\Expenses\ClientApp\dist\out-tsc\src\app\components\home\home.component.js
C:\home\kevinj\projects\Expenses.Mvc\Expenses\ClientApp\dist\out-tsc\src\app\components\home\home.component.js.map
C:\home\kevinj\projects\Expenses.Mvc\Expenses\ClientApp\dist\out-tsc\src\app\components\page-not-found\page-not-found.component.js
C:\home\kevinj\projects\Expenses.Mvc\Expenses\ClientApp\dist\out-tsc\src\app\components\page-not-found\page-not-found.component.js.map
C:\home\kevinj\projects\Expenses.Mvc\Expenses\ClientApp\dist\out-tsc\src\app\services\expense-item.js
C:\home\kevinj\projects\Expenses.Mvc\Expenses\ClientApp\dist\out-tsc\src\app\services\expense-item.js.map
C:\home\kevinj\projects\Expenses.Mvc\Expenses\ClientApp\dist\out-tsc\src\app\services\expense-claim.js
C:\home\kevinj\projects\Expenses.Mvc\Expenses\ClientApp\dist\out-tsc\src\app\services\expense-claim.js.map
C:\home\kevinj\projects\Expenses.Mvc\Expenses\ClientApp\dist\out-tsc\src\app\services\expenses.service.js
C:\home\kevinj\projects\Expenses.Mvc\Expenses\ClientApp\dist\out-tsc\src\app\services\expenses.service.js.map
C:\home\kevinj\projects\Expenses.Mvc\Expenses\ClientApp\dist\out-tsc\src\app\components\expense-claims\expense-claims.component.js
C:\home\kevinj\projects\Expenses.Mvc\Expenses\ClientApp\dist\out-tsc\src\app\components\expense-claims\expense-claims.component.js.map
C:\home\kevinj\projects\Expenses.Mvc\Expenses\ClientApp\dist\out-tsc\src\app\app.routes.js
C:\home\kevinj\projects\Expenses.Mvc\Expenses\ClientApp\dist\out-tsc\src\app\app.routes.js.map
C:\home\kevinj\projects\Expenses.Mvc\Expenses\ClientApp\dist\out-tsc\src\app\app.module.js
C:\home\kevinj\projects\Expenses.Mvc\Expenses\ClientApp\dist\out-tsc\src\app\app.module.js.map
C:\home\kevinj\projects\Expenses.Mvc\Expenses\ClientApp\dist\out-tsc\src\environments\environment.js
C:\home\kevinj\projects\Expenses.Mvc\Expenses\ClientApp\dist\out-tsc\src\environments\environment.js.map
C:\home\kevinj\projects\Expenses.Mvc\Expenses\ClientApp\dist\out-tsc\src\main.js
C:\home\kevinj\projects\Expenses.Mvc\Expenses\ClientApp\dist\out-tsc\src\main.js.map
C:\home\kevinj\projects\Expenses.Mvc\Expenses\ClientApp\dist\out-tsc\src\polyfills.js
C:\home\kevinj\projects\Expenses.Mvc\Expenses\ClientApp\dist\out-tsc\src\polyfills.js.map
C:\home\kevinj\projects\Expenses.Mvc\Expenses\ClientApp\dist\out-tsc\src\test.js
C:\home\kevinj\projects\Expenses.Mvc\Expenses\ClientApp\dist\out-tsc\src\test.js.map
C:\home\kevinj\projects\Expenses.Mvc\Expenses\ClientApp\dist\out-tsc\src\environments\environment.prod.js
C:\home\kevinj\projects\Expenses.Mvc\Expenses\ClientApp\dist\out-tsc\src\environments\environment.prod.js.map
C:\home\kevinj\projects\Expenses.Mvc\Expenses\ClientApp\dist\out-tsc\src\app\app.component.spec.js
C:\home\kevinj\projects\Expenses.Mvc\Expenses\ClientApp\dist\out-tsc\src\app\app.component.spec.js.map
C:\home\kevinj\projects\Expenses.Mvc\Expenses\ClientApp\dist\out-tsc\src\app\services\expenses.service.spec.js
C:\home\kevinj\projects\Expenses.Mvc\Expenses\ClientApp\dist\out-tsc\src\app\services\expenses.service.spec.js.map
C:\home\kevinj\projects\Expenses.Mvc\Expenses\ClientApp\dist\out-tsc\src\app\components\page-not-found\page-not-found.component.spec.js
C:\home\kevinj\projects\Expenses.Mvc\Expenses\ClientApp\dist\out-tsc\src\app\components\page-not-found\page-not-found.component.spec.js.map
C:\home\kevinj\projects\Expenses.Mvc\Expenses\ClientApp\dist\out-tsc\src\app\components\home\home.component.spec.js
C:\home\kevinj\projects\Expenses.Mvc\Expenses\ClientApp\dist\out-tsc\src\app\components\home\home.component.spec.js.map
C:\home\kevinj\projects\Expenses.Mvc\Expenses\ClientApp\dist\out-tsc\src\app\components\expense-claims\expense-claims.component.spec.js
C:\home\kevinj\projects\Expenses.Mvc\Expenses\ClientApp\dist\out-tsc\src\app\components\expense-claims\expense-claims.component.spec.js.map
C:\home\kevinj\projects\Expenses.Mvc\Expenses\ClientApp\dist\out-tsc\e2e\app.po.js
C:\home\kevinj\projects\Expenses.Mvc\Expenses\ClientApp\dist\out-tsc\e2e\app.po.js.map
C:\home\kevinj\projects\Expenses.Mvc\Expenses\ClientApp\dist\out-tsc\e2e\app.e2e-spec.js
C:\home\kevinj\projects\Expenses.Mvc\Expenses\ClientApp\dist\out-tsc\e2e\app.e2e-spec.js.map
C:\home\kevinj\projects\Expenses.Mvc\Expenses\ClientApp\dist\out-tsc\src\app\app.component.js
C:\home\kevinj\projects\Expenses.Mvc\Expenses\ClientApp\dist\out-tsc\src\app\app.component.js.map
C:\home\kevinj\projects\Expenses.Mvc\Expenses\ClientApp\dist\out-tsc\src\app\components\home\home.component.js
C:\home\kevinj\projects\Expenses.Mvc\Expenses\ClientApp\dist\out-tsc\src\app\components\home\home.component.js.map
C:\home\kevinj\projects\Expenses.Mvc\Expenses\ClientApp\dist\out-tsc\src\app\components\page-not-found\page-not-found.component.js
C:\home\kevinj\projects\Expenses.Mvc\Expenses\ClientApp\dist\out-tsc\src\app\components\page-not-found\page-not-found.component.js.map
C:\home\kevinj\projects\Expenses.Mvc\Expenses\ClientApp\dist\out-tsc\src\app\services\expense-item.js
C:\home\kevinj\projects\Expenses.Mvc\Expenses\ClientApp\dist\out-tsc\src\app\services\expense-item.js.map
C:\home\kevinj\projects\Expenses.Mvc\Expenses\ClientApp\dist\out-tsc\src\app\services\expense-claim.js
C:\home\kevinj\projects\Expenses.Mvc\Expenses\ClientApp\dist\out-tsc\src\app\services\expense-claim.js.map
C:\home\kevinj\projects\Expenses.Mvc\Expenses\ClientApp\dist\out-tsc\src\app\services\expenses.service.js
C:\home\kevinj\projects\Expenses.Mvc\Expenses\ClientApp\dist\out-tsc\src\app\services\expenses.service.js.map
C:\home\kevinj\projects\Expenses.Mvc\Expenses\ClientApp\dist\out-tsc\src\app\components\expense-claims\expense-claims.component.js
C:\home\kevinj\projects\Expenses.Mvc\Expenses\ClientApp\dist\out-tsc\src\app\components\expense-claims\expense-claims.component.js.map
C:\home\kevinj\projects\Expenses.Mvc\Expenses\ClientApp\dist\out-tsc\src\app\app.routes.js
C:\home\kevinj\projects\Expenses.Mvc\Expenses\ClientApp\dist\out-tsc\src\app\app.routes.js.map
C:\home\kevinj\projects\Expenses.Mvc\Expenses\ClientApp\dist\out-tsc\src\app\app.module.js
C:\home\kevinj\projects\Expenses.Mvc\Expenses\ClientApp\dist\out-tsc\src\app\app.module.js.map
C:\home\kevinj\projects\Expenses.Mvc\Expenses\ClientApp\dist\out-tsc\src\environments\environment.js
C:\home\kevinj\projects\Expenses.Mvc\Expenses\ClientApp\dist\out-tsc\src\environments\environment.js.map
C:\home\kevinj\projects\Expenses.Mvc\Expenses\ClientApp\dist\out-tsc\src\main.js
C:\home\kevinj\projects\Expenses.Mvc\Expenses\ClientApp\dist\out-tsc\src\main.js.map
C:\home\kevinj\projects\Expenses.Mvc\Expenses\ClientApp\dist\out-tsc\src\polyfills.js
C:\home\kevinj\projects\Expenses.Mvc\Expenses\ClientApp\dist\out-tsc\src\polyfills.js.map
C:\home\kevinj\projects\Expenses.Mvc\Expenses\ClientApp\dist\out-tsc\src\test.js
C:\home\kevinj\projects\Expenses.Mvc\Expenses\ClientApp\dist\out-tsc\src\test.js.map
C:\home\kevinj\projects\Expenses.Mvc\Expenses\ClientApp\dist\out-tsc\src\environments\environment.prod.js
C:\home\kevinj\projects\Expenses.Mvc\Expenses\ClientApp\dist\out-tsc\src\environments\environment.prod.js.map
C:\home\kevinj\projects\Expenses.Mvc\Expenses\ClientApp\dist\out-tsc\src\app\app.component.spec.js
C:\home\kevinj\projects\Expenses.Mvc\Expenses\ClientApp\dist\out-tsc\src\app\app.component.spec.js.map
C:\home\kevinj\projects\Expenses.Mvc\Expenses\ClientApp\dist\out-tsc\src\app\services\expenses.service.spec.js
C:\home\kevinj\projects\Expenses.Mvc\Expenses\ClientApp\dist\out-tsc\src\app\services\expenses.service.spec.js.map
C:\home\kevinj\projects\Expenses.Mvc\Expenses\ClientApp\dist\out-tsc\src\app\components\page-not-found\page-not-found.component.spec.js
C:\home\kevinj\projects\Expenses.Mvc\Expenses\ClientApp\dist\out-tsc\src\app\components\page-not-found\page-not-found.component.spec.js.map
C:\home\kevinj\projects\Expenses.Mvc\Expenses\ClientApp\dist\out-tsc\src\app\components\home\home.component.spec.js
C:\home\kevinj\projects\Expenses.Mvc\Expenses\ClientApp\dist\out-tsc\src\app\components\home\home.component.spec.js.map
C:\home\kevinj\projects\Expenses.Mvc\Expenses\ClientApp\dist\out-tsc\src\app\components\expense-claims\expense-claims.component.spec.js
C:\home\kevinj\projects\Expenses.Mvc\Expenses\ClientApp\dist\out-tsc\src\app\components\expense-claims\expense-claims.component.spec.js.map
C:\home\kevinj\projects\Expenses.Mvc\Expenses\ClientApp\dist\out-tsc\e2e\app.po.js
C:\home\kevinj\projects\Expenses.Mvc\Expenses\ClientApp\dist\out-tsc\e2e\app.po.js.map
C:\home\kevinj\projects\Expenses.Mvc\Expenses\ClientApp\dist\out-tsc\e2e\app.e2e-spec.js
C:\home\kevinj\projects\Expenses.Mvc\Expenses\ClientApp\dist\out-tsc\e2e\app.e2e-spec.js.map
C:\home\kevinj\projects\Expenses.Mvc\Expenses\ClientApp\dist\out-tsc\src\app\app.component.js
C:\home\kevinj\projects\Expenses.Mvc\Expenses\ClientApp\dist\out-tsc\src\app\app.component.js.map
C:\home\kevinj\projects\Expenses.Mvc\Expenses\ClientApp\dist\out-tsc\src\app\components\home\home.component.js
C:\home\kevinj\projects\Expenses.Mvc\Expenses\ClientApp\dist\out-tsc\src\app\components\home\home.component.js.map
C:\home\kevinj\projects\Expenses.Mvc\Expenses\ClientApp\dist\out-tsc\src\app\components\page-not-found\page-not-found.component.js
C:\home\kevinj\projects\Expenses.Mvc\Expenses\ClientApp\dist\out-tsc\src\app\components\page-not-found\page-not-found.component.js.map
C:\home\kevinj\projects\Expenses.Mvc\Expenses\ClientApp\dist\out-tsc\src\app\services\expense-item.js
C:\home\kevinj\projects\Expenses.Mvc\Expenses\ClientApp\dist\out-tsc\src\app\services\expense-item.js.map
C:\home\kevinj\projects\Expenses.Mvc\Expenses\ClientApp\dist\out-tsc\src\app\services\expense-claim.js
C:\home\kevinj\projects\Expenses.Mvc\Expenses\ClientApp\dist\out-tsc\src\app\services\expense-claim.js.map
C:\home\kevinj\projects\Expenses.Mvc\Expenses\ClientApp\dist\out-tsc\src\app\services\expenses.service.js
C:\home\kevinj\projects\Expenses.Mvc\Expenses\ClientApp\dist\out-tsc\src\app\services\expenses.service.js.map
C:\home\kevinj\projects\Expenses.Mvc\Expenses\ClientApp\dist\out-tsc\src\app\components\expense-claims\expense-claims.component.js
C:\home\kevinj\projects\Expenses.Mvc\Expenses\ClientApp\dist\out-tsc\src\app\components\expense-claims\expense-claims.component.js.map
C:\home\kevinj\projects\Expenses.Mvc\Expenses\ClientApp\dist\out-tsc\src\app\app.routes.js
C:\home\kevinj\projects\Expenses.Mvc\Expenses\ClientApp\dist\out-tsc\src\app\app.routes.js.map
C:\home\kevinj\projects\Expenses.Mvc\Expenses\ClientApp\dist\out-tsc\src\app\app.module.js
C:\home\kevinj\projects\Expenses.Mvc\Expenses\ClientApp\dist\out-tsc\src\app\app.module.js.map
C:\home\kevinj\projects\Expenses.Mvc\Expenses\ClientApp\dist\out-tsc\src\environments\environment.js
C:\home\kevinj\projects\Expenses.Mvc\Expenses\ClientApp\dist\out-tsc\src\environments\environment.js.map
C:\home\kevinj\projects\Expenses.Mvc\Expenses\ClientApp\dist\out-tsc\src\main.js
C:\home\kevinj\projects\Expenses.Mvc\Expenses\ClientApp\dist\out-tsc\src\main.js.map
C:\home\kevinj\projects\Expenses.Mvc\Expenses\ClientApp\dist\out-tsc\src\polyfills.js
C:\home\kevinj\projects\Expenses.Mvc\Expenses\ClientApp\dist\out-tsc\src\polyfills.js.map
C:\home\kevinj\projects\Expenses.Mvc\Expenses\ClientApp\dist\out-tsc\src\test.js
C:\home\kevinj\projects\Expenses.Mvc\Expenses\ClientApp\dist\out-tsc\src\test.js.map
C:\home\kevinj\projects\Expenses.Mvc\Expenses\ClientApp\dist\out-tsc\src\environments\environment.prod.js
C:\home\kevinj\projects\Expenses.Mvc\Expenses\ClientApp\dist\out-tsc\src\environments\environment.prod.js.map
C:\home\kevinj\projects\Expenses.Mvc\Expenses\ClientApp\dist\out-tsc\src\app\app.component.spec.js
C:\home\kevinj\projects\Expenses.Mvc\Expenses\ClientApp\dist\out-tsc\src\app\app.component.spec.js.map
C:\home\kevinj\projects\Expenses.Mvc\Expenses\ClientApp\dist\out-tsc\src\app\services\expenses.service.spec.js
C:\home\kevinj\projects\Expenses.Mvc\Expenses\ClientApp\dist\out-tsc\src\app\services\expenses.service.spec.js.map
C:\home\kevinj\projects\Expenses.Mvc\Expenses\ClientApp\dist\out-tsc\src\app\components\page-not-found\page-not-found.component.spec.js
C:\home\kevinj\projects\Expenses.Mvc\Expenses\ClientApp\dist\out-tsc\src\app\components\page-not-found\page-not-found.component.spec.js.map
C:\home\kevinj\projects\Expenses.Mvc\Expenses\ClientApp\dist\out-tsc\src\app\components\home\home.component.spec.js
C:\home\kevinj\projects\Expenses.Mvc\Expenses\ClientApp\dist\out-tsc\src\app\components\home\home.component.spec.js.map
C:\home\kevinj\projects\Expenses.Mvc\Expenses\ClientApp\dist\out-tsc\src\app\components\expense-claims\expense-claims.component.spec.js
C:\home\kevinj\projects\Expenses.Mvc\Expenses\ClientApp\dist\out-tsc\src\app\components\expense-claims\expense-claims.component.spec.js.map
C:\home\kevinj\projects\Expenses.Mvc\Expenses\ClientApp\dist\out-tsc\e2e\app.po.js
C:\home\kevinj\projects\Expenses.Mvc\Expenses\ClientApp\dist\out-tsc\e2e\app.po.js.map
C:\home\kevinj\projects\Expenses.Mvc\Expenses\ClientApp\dist\out-tsc\e2e\app.e2e-spec.js
C:\home\kevinj\projects\Expenses.Mvc\Expenses\ClientApp\dist\out-tsc\e2e\app.e2e-spec.js.map
C:\home\kevinj\projects\Expenses.Mvc\Expenses\ClientApp\dist\out-tsc\src\app\app.component.js
C:\home\kevinj\projects\Expenses.Mvc\Expenses\ClientApp\dist\out-tsc\src\app\app.component.js.map
C:\home\kevinj\projects\Expenses.Mvc\Expenses\ClientApp\dist\out-tsc\src\app\components\home\home.component.js
C:\home\kevinj\projects\Expenses.Mvc\Expenses\ClientApp\dist\out-tsc\src\app\components\home\home.component.js.map
C:\home\kevinj\projects\Expenses.Mvc\Expenses\ClientApp\dist\out-tsc\src\app\components\page-not-found\page-not-found.component.js
C:\home\kevinj\projects\Expenses.Mvc\Expenses\ClientApp\dist\out-tsc\src\app\components\page-not-found\page-not-found.component.js.map
C:\home\kevinj\projects\Expenses.Mvc\Expenses\ClientApp\dist\out-tsc\src\app\services\expense-item.js
C:\home\kevinj\projects\Expenses.Mvc\Expenses\ClientApp\dist\out-tsc\src\app\services\expense-item.js.map
C:\home\kevinj\projects\Expenses.Mvc\Expenses\ClientApp\dist\out-tsc\src\app\services\expense-claim.js
C:\home\kevinj\projects\Expenses.Mvc\Expenses\ClientApp\dist\out-tsc\src\app\services\expense-claim.js.map
C:\home\kevinj\projects\Expenses.Mvc\Expenses\ClientApp\dist\out-tsc\src\app\services\expenses.service.js
C:\home\kevinj\projects\Expenses.Mvc\Expenses\ClientApp\dist\out-tsc\src\app\services\expenses.service.js.map
C:\home\kevinj\projects\Expenses.Mvc\Expenses\ClientApp\dist\out-tsc\src\app\components\expense-claims\expense-claims.component.js
C:\home\kevinj\projects\Expenses.Mvc\Expenses\ClientApp\dist\out-tsc\src\app\components\expense-claims\expense-claims.component.js.map
C:\home\kevinj\projects\Expenses.Mvc\Expenses\ClientApp\dist\out-tsc\src\app\app.routes.js
C:\home\kevinj\projects\Expenses.Mvc\Expenses\ClientApp\dist\out-tsc\src\app\app.routes.js.map
C:\home\kevinj\projects\Expenses.Mvc\Expenses\ClientApp\dist\out-tsc\src\app\app.module.js
C:\home\kevinj\projects\Expenses.Mvc\Expenses\ClientApp\dist\out-tsc\src\app\app.module.js.map
C:\home\kevinj\projects\Expenses.Mvc\Expenses\ClientApp\dist\out-tsc\src\environments\environment.js
C:\home\kevinj\projects\Expenses.Mvc\Expenses\ClientApp\dist\out-tsc\src\environments\environment.js.map
C:\home\kevinj\projects\Expenses.Mvc\Expenses\ClientApp\dist\out-tsc\src\main.js
C:\home\kevinj\projects\Expenses.Mvc\Expenses\ClientApp\dist\out-tsc\src\main.js.map
C:\home\kevinj\projects\Expenses.Mvc\Expenses\ClientApp\dist\out-tsc\src\polyfills.js
C:\home\kevinj\projects\Expenses.Mvc\Expenses\ClientApp\dist\out-tsc\src\polyfills.js.map
C:\home\kevinj\projects\Expenses.Mvc\Expenses\ClientApp\dist\out-tsc\src\test.js
C:\home\kevinj\projects\Expenses.Mvc\Expenses\ClientApp\dist\out-tsc\src\test.js.map
C:\home\kevinj\projects\Expenses.Mvc\Expenses\ClientApp\dist\out-tsc\src\environments\environment.prod.js
C:\home\kevinj\projects\Expenses.Mvc\Expenses\ClientApp\dist\out-tsc\src\environments\environment.prod.js.map
C:\home\kevinj\projects\Expenses.Mvc\Expenses\ClientApp\dist\out-tsc\src\app\app.component.spec.js
C:\home\kevinj\projects\Expenses.Mvc\Expenses\ClientApp\dist\out-tsc\src\app\app.component.spec.js.map
C:\home\kevinj\projects\Expenses.Mvc\Expenses\ClientApp\dist\out-tsc\src\app\services\expenses.service.spec.js
C:\home\kevinj\projects\Expenses.Mvc\Expenses\ClientApp\dist\out-tsc\src\app\services\expenses.service.spec.js.map
C:\home\kevinj\projects\Expenses.Mvc\Expenses\ClientApp\dist\out-tsc\src\app\components\page-not-found\page-not-found.component.spec.js
C:\home\kevinj\projects\Expenses.Mvc\Expenses\ClientApp\dist\out-tsc\src\app\components\page-not-found\page-not-found.component.spec.js.map
C:\home\kevinj\projects\Expenses.Mvc\Expenses\ClientApp\dist\out-tsc\src\app\components\home\home.component.spec.js
C:\home\kevinj\projects\Expenses.Mvc\Expenses\ClientApp\dist\out-tsc\src\app\components\home\home.component.spec.js.map
C:\home\kevinj\projects\Expenses.Mvc\Expenses\ClientApp\dist\out-tsc\src\app\components\expense-claims\expense-claims.component.spec.js
C:\home\kevinj\projects\Expenses.Mvc\Expenses\ClientApp\dist\out-tsc\src\app\components\expense-claims\expense-claims.component.spec.js.map
C:\home\kevinj\projects\Expenses.Mvc\Expenses\ClientApp\dist\out-tsc\e2e\app.po.js
C:\home\kevinj\projects\Expenses.Mvc\Expenses\ClientApp\dist\out-tsc\e2e\app.po.js.map
C:\home\kevinj\projects\Expenses.Mvc\Expenses\ClientApp\dist\out-tsc\e2e\app.e2e-spec.js
C:\home\kevinj\projects\Expenses.Mvc\Expenses\ClientApp\dist\out-tsc\e2e\app.e2e-spec.js.map
C:\home\kevinj\projects\Expenses.Mvc\Expenses\ClientApp\dist\out-tsc\src\app\app.component.js
C:\home\kevinj\projects\Expenses.Mvc\Expenses\ClientApp\dist\out-tsc\src\app\app.component.js.map
C:\home\kevinj\projects\Expenses.Mvc\Expenses\ClientApp\dist\out-tsc\src\app\components\home\home.component.js
C:\home\kevinj\projects\Expenses.Mvc\Expenses\ClientApp\dist\out-tsc\src\app\components\home\home.component.js.map
C:\home\kevinj\projects\Expenses.Mvc\Expenses\ClientApp\dist\out-tsc\src\app\components\page-not-found\page-not-found.component.js
C:\home\kevinj\projects\Expenses.Mvc\Expenses\ClientApp\dist\out-tsc\src\app\components\page-not-found\page-not-found.component.js.map
C:\home\kevinj\projects\Expenses.Mvc\Expenses\ClientApp\dist\out-tsc\src\app\services\expense-item.js
C:\home\kevinj\projects\Expenses.Mvc\Expenses\ClientApp\dist\out-tsc\src\app\services\expense-item.js.map
C:\home\kevinj\projects\Expenses.Mvc\Expenses\ClientApp\dist\out-tsc\src\app\services\expense-claim.js
C:\home\kevinj\projects\Expenses.Mvc\Expenses\ClientApp\dist\out-tsc\src\app\services\expense-claim.js.map
C:\home\kevinj\projects\Expenses.Mvc\Expenses\ClientApp\dist\out-tsc\src\app\services\expenses.service.js
C:\home\kevinj\projects\Expenses.Mvc\Expenses\ClientApp\dist\out-tsc\src\app\services\expenses.service.js.map
C:\home\kevinj\projects\Expenses.Mvc\Expenses\ClientApp\dist\out-tsc\src\app\components\expense-claims\expense-claims.component.js
C:\home\kevinj\projects\Expenses.Mvc\Expenses\ClientApp\dist\out-tsc\src\app\components\expense-claims\expense-claims.component.js.map
C:\home\kevinj\projects\Expenses.Mvc\Expenses\ClientApp\dist\out-tsc\src\app\app.routes.js
C:\home\kevinj\projects\Expenses.Mvc\Expenses\ClientApp\dist\out-tsc\src\app\app.routes.js.map
C:\home\kevinj\projects\Expenses.Mvc\Expenses\ClientApp\dist\out-tsc\src\app\app.module.js
C:\home\kevinj\projects\Expenses.Mvc\Expenses\ClientApp\dist\out-tsc\src\app\app.module.js.map
C:\home\kevinj\projects\Expenses.Mvc\Expenses\ClientApp\dist\out-tsc\src\environments\environment.js
C:\home\kevinj\projects\Expenses.Mvc\Expenses\ClientApp\dist\out-tsc\src\environments\environment.js.map
C:\home\kevinj\projects\Expenses.Mvc\Expenses\ClientApp\dist\out-tsc\src\main.js
C:\home\kevinj\projects\Expenses.Mvc\Expenses\ClientApp\dist\out-tsc\src\main.js.map
C:\home\kevinj\projects\Expenses.Mvc\Expenses\ClientApp\dist\out-tsc\src\polyfills.js
C:\home\kevinj\projects\Expenses.Mvc\Expenses\ClientApp\dist\out-tsc\src\polyfills.js.map
C:\home\kevinj\projects\Expenses.Mvc\Expenses\ClientApp\dist\out-tsc\src\test.js
C:\home\kevinj\projects\Expenses.Mvc\Expenses\ClientApp\dist\out-tsc\src\test.js.map
C:\home\kevinj\projects\Expenses.Mvc\Expenses\ClientApp\dist\out-tsc\src\environments\environment.prod.js
C:\home\kevinj\projects\Expenses.Mvc\Expenses\ClientApp\dist\out-tsc\src\environments\environment.prod.js.map
C:\home\kevinj\projects\Expenses.Mvc\Expenses\ClientApp\dist\out-tsc\src\app\app.component.spec.js
C:\home\kevinj\projects\Expenses.Mvc\Expenses\ClientApp\dist\out-tsc\src\app\app.component.spec.js.map
C:\home\kevinj\projects\Expenses.Mvc\Expenses\ClientApp\dist\out-tsc\src\app\services\expenses.service.spec.js
C:\home\kevinj\projects\Expenses.Mvc\Expenses\ClientApp\dist\out-tsc\src\app\services\expenses.service.spec.js.map
C:\home\kevinj\projects\Expenses.Mvc\Expenses\ClientApp\dist\out-tsc\src\app\components\page-not-found\page-not-found.component.spec.js
C:\home\kevinj\projects\Expenses.Mvc\Expenses\ClientApp\dist\out-tsc\src\app\components\page-not-found\page-not-found.component.spec.js.map
C:\home\kevinj\projects\Expenses.Mvc\Expenses\ClientApp\dist\out-tsc\src\app\components\home\home.component.spec.js
C:\home\kevinj\projects\Expenses.Mvc\Expenses\ClientApp\dist\out-tsc\src\app\components\home\home.component.spec.js.map
C:\home\kevinj\projects\Expenses.Mvc\Expenses\ClientApp\dist\out-tsc\src\app\components\expense-claims\expense-claims.component.spec.js
C:\home\kevinj\projects\Expenses.Mvc\Expenses\ClientApp\dist\out-tsc\src\app\components\expense-claims\expense-claims.component.spec.js.map
C:\home\kevinj\projects\Expenses.Mvc\Expenses\ClientApp\dist\out-tsc\e2e\app.po.js
C:\home\kevinj\projects\Expenses.Mvc\Expenses\ClientApp\dist\out-tsc\e2e\app.po.js.map
C:\home\kevinj\projects\Expenses.Mvc\Expenses\ClientApp\dist\out-tsc\e2e\app.e2e-spec.js
C:\home\kevinj\projects\Expenses.Mvc\Expenses\ClientApp\dist\out-tsc\e2e\app.e2e-spec.js.map
C:\home\kevinj\projects\Expenses.Mvc\Expenses\ClientApp\dist\out-tsc\src\app\app.component.js
C:\home\kevinj\projects\Expenses.Mvc\Expenses\ClientApp\dist\out-tsc\src\app\app.component.js.map
C:\home\kevinj\projects\Expenses.Mvc\Expenses\ClientApp\dist\out-tsc\src\app\components\home\home.component.js
C:\home\kevinj\projects\Expenses.Mvc\Expenses\ClientApp\dist\out-tsc\src\app\components\home\home.component.js.map
C:\home\kevinj\projects\Expenses.Mvc\Expenses\ClientApp\dist\out-tsc\src\app\components\page-not-found\page-not-found.component.js
C:\home\kevinj\projects\Expenses.Mvc\Expenses\ClientApp\dist\out-tsc\src\app\components\page-not-found\page-not-found.component.js.map
C:\home\kevinj\projects\Expenses.Mvc\Expenses\ClientApp\dist\out-tsc\src\app\services\expense-item.js
C:\home\kevinj\projects\Expenses.Mvc\Expenses\ClientApp\dist\out-tsc\src\app\services\expense-item.js.map
C:\home\kevinj\projects\Expenses.Mvc\Expenses\ClientApp\dist\out-tsc\src\app\services\expense-claim.js
C:\home\kevinj\projects\Expenses.Mvc\Expenses\ClientApp\dist\out-tsc\src\app\services\expense-claim.js.map
C:\home\kevinj\projects\Expenses.Mvc\Expenses\ClientApp\dist\out-tsc\src\app\services\expenses.service.js
C:\home\kevinj\projects\Expenses.Mvc\Expenses\ClientApp\dist\out-tsc\src\app\services\expenses.service.js.map
C:\home\kevinj\projects\Expenses.Mvc\Expenses\ClientApp\dist\out-tsc\src\app\components\expense-claims\expense-claims.component.js
C:\home\kevinj\projects\Expenses.Mvc\Expenses\ClientApp\dist\out-tsc\src\app\components\expense-claims\expense-claims.component.js.map
C:\home\kevinj\projects\Expenses.Mvc\Expenses\ClientApp\dist\out-tsc\src\app\app.routes.js
C:\home\kevinj\projects\Expenses.Mvc\Expenses\ClientApp\dist\out-tsc\src\app\app.routes.js.map
C:\home\kevinj\projects\Expenses.Mvc\Expenses\ClientApp\dist\out-tsc\src\app\app.module.js
C:\home\kevinj\projects\Expenses.Mvc\Expenses\ClientApp\dist\out-tsc\src\app\app.module.js.map
C:\home\kevinj\projects\Expenses.Mvc\Expenses\ClientApp\dist\out-tsc\src\environments\environment.js
C:\home\kevinj\projects\Expenses.Mvc\Expenses\ClientApp\dist\out-tsc\src\environments\environment.js.map
C:\home\kevinj\projects\Expenses.Mvc\Expenses\ClientApp\dist\out-tsc\src\main.js
C:\home\kevinj\projects\Expenses.Mvc\Expenses\ClientApp\dist\out-tsc\src\main.js.map
C:\home\kevinj\projects\Expenses.Mvc\Expenses\ClientApp\dist\out-tsc\src\polyfills.js
C:\home\kevinj\projects\Expenses.Mvc\Expenses\ClientApp\dist\out-tsc\src\polyfills.js.map
C:\home\kevinj\projects\Expenses.Mvc\Expenses\ClientApp\dist\out-tsc\src\test.js
C:\home\kevinj\projects\Expenses.Mvc\Expenses\ClientApp\dist\out-tsc\src\test.js.map
C:\home\kevinj\projects\Expenses.Mvc\Expenses\ClientApp\dist\out-tsc\src\environments\environment.prod.js
C:\home\kevinj\projects\Expenses.Mvc\Expenses\ClientApp\dist\out-tsc\src\environments\environment.prod.js.map
C:\home\kevinj\projects\Expenses.Mvc\Expenses\ClientApp\dist\out-tsc\src\app\app.component.spec.js
C:\home\kevinj\projects\Expenses.Mvc\Expenses\ClientApp\dist\out-tsc\src\app\app.component.spec.js.map
C:\home\kevinj\projects\Expenses.Mvc\Expenses\ClientApp\dist\out-tsc\src\app\services\expenses.service.spec.js
C:\home\kevinj\projects\Expenses.Mvc\Expenses\ClientApp\dist\out-tsc\src\app\services\expenses.service.spec.js.map
C:\home\kevinj\projects\Expenses.Mvc\Expenses\ClientApp\dist\out-tsc\src\app\components\page-not-found\page-not-found.component.spec.js
C:\home\kevinj\projects\Expenses.Mvc\Expenses\ClientApp\dist\out-tsc\src\app\components\page-not-found\page-not-found.component.spec.js.map
C:\home\kevinj\projects\Expenses.Mvc\Expenses\ClientApp\dist\out-tsc\src\app\components\home\home.component.spec.js
C:\home\kevinj\projects\Expenses.Mvc\Expenses\ClientApp\dist\out-tsc\src\app\components\home\home.component.spec.js.map
C:\home\kevinj\projects\Expenses.Mvc\Expenses\ClientApp\dist\out-tsc\src\app\components\expense-claims\expense-claims.component.spec.js
C:\home\kevinj\projects\Expenses.Mvc\Expenses\ClientApp\dist\out-tsc\src\app\components\expense-claims\expense-claims.component.spec.js.map
C:\home\kevinj\projects\Expenses.Mvc\Expenses\ClientApp\dist\out-tsc\e2e\app.po.js
C:\home\kevinj\projects\Expenses.Mvc\Expenses\ClientApp\dist\out-tsc\e2e\app.po.js.map
C:\home\kevinj\projects\Expenses.Mvc\Expenses\ClientApp\dist\out-tsc\e2e\app.e2e-spec.js
C:\home\kevinj\projects\Expenses.Mvc\Expenses\ClientApp\dist\out-tsc\e2e\app.e2e-spec.js.map
C:\home\kevinj\projects\Expenses.Mvc\Expenses\ClientApp\dist\out-tsc\src\app\app.component.js
C:\home\kevinj\projects\Expenses.Mvc\Expenses\ClientApp\dist\out-tsc\src\app\app.component.js.map
C:\home\kevinj\projects\Expenses.Mvc\Expenses\ClientApp\dist\out-tsc\src\app\components\home\home.component.js
C:\home\kevinj\projects\Expenses.Mvc\Expenses\ClientApp\dist\out-tsc\src\app\components\home\home.component.js.map
C:\home\kevinj\projects\Expenses.Mvc\Expenses\ClientApp\dist\out-tsc\src\app\components\page-not-found\page-not-found.component.js
C:\home\kevinj\projects\Expenses.Mvc\Expenses\ClientApp\dist\out-tsc\src\app\components\page-not-found\page-not-found.component.js.map
C:\home\kevinj\projects\Expenses.Mvc\Expenses\ClientApp\dist\out-tsc\src\app\services\expense-item.js
C:\home\kevinj\projects\Expenses.Mvc\Expenses\ClientApp\dist\out-tsc\src\app\services\expense-item.js.map
C:\home\kevinj\projects\Expenses.Mvc\Expenses\ClientApp\dist\out-tsc\src\app\services\expense-claim.js
C:\home\kevinj\projects\Expenses.Mvc\Expenses\ClientApp\dist\out-tsc\src\app\services\expense-claim.js.map
C:\home\kevinj\projects\Expenses.Mvc\Expenses\ClientApp\dist\out-tsc\src\app\shared\projectConfig.js
C:\home\kevinj\projects\Expenses.Mvc\Expenses\ClientApp\dist\out-tsc\src\app\shared\projectConfig.js.map
C:\home\kevinj\projects\Expenses.Mvc\Expenses\ClientApp\dist\out-tsc\src\environments\environment.js
C:\home\kevinj\projects\Expenses.Mvc\Expenses\ClientApp\dist\out-tsc\src\environments\environment.js.map
C:\home\kevinj\projects\Expenses.Mvc\Expenses\ClientApp\dist\out-tsc\src\app\shared\projectConfigShared.js
C:\home\kevinj\projects\Expenses.Mvc\Expenses\ClientApp\dist\out-tsc\src\app\shared\projectConfigShared.js.map
C:\home\kevinj\projects\Expenses.Mvc\Expenses\ClientApp\dist\out-tsc\src\app\services\expenses.service.js
C:\home\kevinj\projects\Expenses.Mvc\Expenses\ClientApp\dist\out-tsc\src\app\services\expenses.service.js.map
C:\home\kevinj\projects\Expenses.Mvc\Expenses\ClientApp\dist\out-tsc\src\app\components\expense-claims\expense-claims.component.js
C:\home\kevinj\projects\Expenses.Mvc\Expenses\ClientApp\dist\out-tsc\src\app\components\expense-claims\expense-claims.component.js.map
C:\home\kevinj\projects\Expenses.Mvc\Expenses\ClientApp\dist\out-tsc\src\app\app.routes.js
C:\home\kevinj\projects\Expenses.Mvc\Expenses\ClientApp\dist\out-tsc\src\app\app.routes.js.map
C:\home\kevinj\projects\Expenses.Mvc\Expenses\ClientApp\dist\out-tsc\src\app\app.module.js
C:\home\kevinj\projects\Expenses.Mvc\Expenses\ClientApp\dist\out-tsc\src\app\app.module.js.map
C:\home\kevinj\projects\Expenses.Mvc\Expenses\ClientApp\dist\out-tsc\src\main.js
C:\home\kevinj\projects\Expenses.Mvc\Expenses\ClientApp\dist\out-tsc\src\main.js.map
C:\home\kevinj\projects\Expenses.Mvc\Expenses\ClientApp\dist\out-tsc\src\polyfills.js
C:\home\kevinj\projects\Expenses.Mvc\Expenses\ClientApp\dist\out-tsc\src\polyfills.js.map
C:\home\kevinj\projects\Expenses.Mvc\Expenses\ClientApp\dist\out-tsc\src\test.js
C:\home\kevinj\projects\Expenses.Mvc\Expenses\ClientApp\dist\out-tsc\src\test.js.map
C:\home\kevinj\projects\Expenses.Mvc\Expenses\ClientApp\dist\out-tsc\src\environments\environment.prod.js
C:\home\kevinj\projects\Expenses.Mvc\Expenses\ClientApp\dist\out-tsc\src\environments\environment.prod.js.map
C:\home\kevinj\projects\Expenses.Mvc\Expenses\ClientApp\dist\out-tsc\src\app\app.component.spec.js
C:\home\kevinj\projects\Expenses.Mvc\Expenses\ClientApp\dist\out-tsc\src\app\app.component.spec.js.map
C:\home\kevinj\projects\Expenses.Mvc\Expenses\ClientApp\dist\out-tsc\src\app\services\expenses.service.spec.js
C:\home\kevinj\projects\Expenses.Mvc\Expenses\ClientApp\dist\out-tsc\src\app\services\expenses.service.spec.js.map
C:\home\kevinj\projects\Expenses.Mvc\Expenses\ClientApp\dist\out-tsc\src\app\components\page-not-found\page-not-found.component.spec.js
C:\home\kevinj\projects\Expenses.Mvc\Expenses\ClientApp\dist\out-tsc\src\app\components\page-not-found\page-not-found.component.spec.js.map
C:\home\kevinj\projects\Expenses.Mvc\Expenses\ClientApp\dist\out-tsc\src\app\components\home\home.component.spec.js
C:\home\kevinj\projects\Expenses.Mvc\Expenses\ClientApp\dist\out-tsc\src\app\components\home\home.component.spec.js.map
C:\home\kevinj\projects\Expenses.Mvc\Expenses\ClientApp\dist\out-tsc\src\app\components\expense-claims\expense-claims.component.spec.js
C:\home\kevinj\projects\Expenses.Mvc\Expenses\ClientApp\dist\out-tsc\src\app\components\expense-claims\expense-claims.component.spec.js.map
C:\home\kevinj\projects\Expenses.Mvc\Expenses\ClientApp\dist\out-tsc\e2e\app.po.js
C:\home\kevinj\projects\Expenses.Mvc\Expenses\ClientApp\dist\out-tsc\e2e\app.po.js.map
C:\home\kevinj\projects\Expenses.Mvc\Expenses\ClientApp\dist\out-tsc\e2e\app.e2e-spec.js
C:\home\kevinj\projects\Expenses.Mvc\Expenses\ClientApp\dist\out-tsc\e2e\app.e2e-spec.js.map
C:\home\kevinj\projects\Expenses.Mvc\Expenses\ClientApp\dist\out-tsc\src\app\app.component.js
C:\home\kevinj\projects\Expenses.Mvc\Expenses\ClientApp\dist\out-tsc\src\app\app.component.js.map
C:\home\kevinj\projects\Expenses.Mvc\Expenses\ClientApp\dist\out-tsc\src\app\components\home\home.component.js
C:\home\kevinj\projects\Expenses.Mvc\Expenses\ClientApp\dist\out-tsc\src\app\components\home\home.component.js.map
C:\home\kevinj\projects\Expenses.Mvc\Expenses\ClientApp\dist\out-tsc\src\app\components\page-not-found\page-not-found.component.js
C:\home\kevinj\projects\Expenses.Mvc\Expenses\ClientApp\dist\out-tsc\src\app\components\page-not-found\page-not-found.component.js.map
C:\home\kevinj\projects\Expenses.Mvc\Expenses\ClientApp\dist\out-tsc\src\app\services\expense-item.js
C:\home\kevinj\projects\Expenses.Mvc\Expenses\ClientApp\dist\out-tsc\src\app\services\expense-item.js.map
C:\home\kevinj\projects\Expenses.Mvc\Expenses\ClientApp\dist\out-tsc\src\app\services\expense-claim.js
C:\home\kevinj\projects\Expenses.Mvc\Expenses\ClientApp\dist\out-tsc\src\app\services\expense-claim.js.map
C:\home\kevinj\projects\Expenses.Mvc\Expenses\ClientApp\dist\out-tsc\src\app\shared\projectConfig.js
C:\home\kevinj\projects\Expenses.Mvc\Expenses\ClientApp\dist\out-tsc\src\app\shared\projectConfig.js.map
C:\home\kevinj\projects\Expenses.Mvc\Expenses\ClientApp\dist\out-tsc\src\environments\environment.js
C:\home\kevinj\projects\Expenses.Mvc\Expenses\ClientApp\dist\out-tsc\src\environments\environment.js.map
C:\home\kevinj\projects\Expenses.Mvc\Expenses\ClientApp\dist\out-tsc\src\app\shared\projectConfigShared.js
C:\home\kevinj\projects\Expenses.Mvc\Expenses\ClientApp\dist\out-tsc\src\app\shared\projectConfigShared.js.map
C:\home\kevinj\projects\Expenses.Mvc\Expenses\ClientApp\dist\out-tsc\src\app\services\expenses.service.js
C:\home\kevinj\projects\Expenses.Mvc\Expenses\ClientApp\dist\out-tsc\src\app\services\expenses.service.js.map
C:\home\kevinj\projects\Expenses.Mvc\Expenses\ClientApp\dist\out-tsc\src\app\components\expense-claims\expense-claims.component.js
C:\home\kevinj\projects\Expenses.Mvc\Expenses\ClientApp\dist\out-tsc\src\app\components\expense-claims\expense-claims.component.js.map
C:\home\kevinj\projects\Expenses.Mvc\Expenses\ClientApp\dist\out-tsc\src\app\app.routes.js
C:\home\kevinj\projects\Expenses.Mvc\Expenses\ClientApp\dist\out-tsc\src\app\app.routes.js.map
C:\home\kevinj\projects\Expenses.Mvc\Expenses\ClientApp\dist\out-tsc\src\app\app.module.js
C:\home\kevinj\projects\Expenses.Mvc\Expenses\ClientApp\dist\out-tsc\src\app\app.module.js.map
C:\home\kevinj\projects\Expenses.Mvc\Expenses\ClientApp\dist\out-tsc\src\main.js
C:\home\kevinj\projects\Expenses.Mvc\Expenses\ClientApp\dist\out-tsc\src\main.js.map
C:\home\kevinj\projects\Expenses.Mvc\Expenses\ClientApp\dist\out-tsc\src\polyfills.js
C:\home\kevinj\projects\Expenses.Mvc\Expenses\ClientApp\dist\out-tsc\src\polyfills.js.map
C:\home\kevinj\projects\Expenses.Mvc\Expenses\ClientApp\dist\out-tsc\src\test.js
C:\home\kevinj\projects\Expenses.Mvc\Expenses\ClientApp\dist\out-tsc\src\test.js.map
C:\home\kevinj\projects\Expenses.Mvc\Expenses\ClientApp\dist\out-tsc\src\environments\environment.prod.js
C:\home\kevinj\projects\Expenses.Mvc\Expenses\ClientApp\dist\out-tsc\src\environments\environment.prod.js.map
C:\home\kevinj\projects\Expenses.Mvc\Expenses\ClientApp\dist\out-tsc\src\app\app.component.spec.js
C:\home\kevinj\projects\Expenses.Mvc\Expenses\ClientApp\dist\out-tsc\src\app\app.component.spec.js.map
C:\home\kevinj\projects\Expenses.Mvc\Expenses\ClientApp\dist\out-tsc\src\app\services\expenses.service.spec.js
C:\home\kevinj\projects\Expenses.Mvc\Expenses\ClientApp\dist\out-tsc\src\app\services\expenses.service.spec.js.map
C:\home\kevinj\projects\Expenses.Mvc\Expenses\ClientApp\dist\out-tsc\src\app\components\page-not-found\page-not-found.component.spec.js
C:\home\kevinj\projects\Expenses.Mvc\Expenses\ClientApp\dist\out-tsc\src\app\components\page-not-found\page-not-found.component.spec.js.map
C:\home\kevinj\projects\Expenses.Mvc\Expenses\ClientApp\dist\out-tsc\src\app\components\home\home.component.spec.js
C:\home\kevinj\projects\Expenses.Mvc\Expenses\ClientApp\dist\out-tsc\src\app\components\home\home.component.spec.js.map
C:\home\kevinj\projects\Expenses.Mvc\Expenses\ClientApp\dist\out-tsc\src\app\components\expense-claims\expense-claims.component.spec.js
C:\home\kevinj\projects\Expenses.Mvc\Expenses\ClientApp\dist\out-tsc\src\app\components\expense-claims\expense-claims.component.spec.js.map
C:\home\kevinj\projects\Expenses.Mvc\Expenses\ClientApp\dist\out-tsc\e2e\app.po.js
C:\home\kevinj\projects\Expenses.Mvc\Expenses\ClientApp\dist\out-tsc\e2e\app.po.js.map
C:\home\kevinj\projects\Expenses.Mvc\Expenses\ClientApp\dist\out-tsc\e2e\app.e2e-spec.js
C:\home\kevinj\projects\Expenses.Mvc\Expenses\ClientApp\dist\out-tsc\e2e\app.e2e-spec.js.map
C:\home\kevinj\projects\Expenses.Mvc\Expenses.UI\ClientApp\dist\out-tsc\src\app\app.component.js
C:\home\kevinj\projects\Expenses.Mvc\Expenses.UI\ClientApp\dist\out-tsc\src\app\app.component.js.map
C:\home\kevinj\projects\Expenses.Mvc\Expenses.UI\ClientApp\dist\out-tsc\src\app\components\home\home.component.js
C:\home\kevinj\projects\Expenses.Mvc\Expenses.UI\ClientApp\dist\out-tsc\src\app\components\home\home.component.js.map
C:\home\kevinj\projects\Expenses.Mvc\Expenses.UI\ClientApp\dist\out-tsc\src\app\components\page-not-found\page-not-found.component.js
C:\home\kevinj\projects\Expenses.Mvc\Expenses.UI\ClientApp\dist\out-tsc\src\app\components\page-not-found\page-not-found.component.js.map
C:\home\kevinj\projects\Expenses.Mvc\Expenses.UI\ClientApp\dist\out-tsc\src\app\services\expense-item.js
C:\home\kevinj\projects\Expenses.Mvc\Expenses.UI\ClientApp\dist\out-tsc\src\app\services\expense-item.js.map
C:\home\kevinj\projects\Expenses.Mvc\Expenses.UI\ClientApp\dist\out-tsc\src\app\services\expense-claim.js
C:\home\kevinj\projects\Expenses.Mvc\Expenses.UI\ClientApp\dist\out-tsc\src\app\services\expense-claim.js.map
C:\home\kevinj\projects\Expenses.Mvc\Expenses.UI\ClientApp\dist\out-tsc\src\app\shared\projectConfig.js
C:\home\kevinj\projects\Expenses.Mvc\Expenses.UI\ClientApp\dist\out-tsc\src\app\shared\projectConfig.js.map
C:\home\kevinj\projects\Expenses.Mvc\Expenses.UI\ClientApp\dist\out-tsc\src\environments\environment.js
C:\home\kevinj\projects\Expenses.Mvc\Expenses.UI\ClientApp\dist\out-tsc\src\environments\environment.js.map
C:\home\kevinj\projects\Expenses.Mvc\Expenses.UI\ClientApp\dist\out-tsc\src\app\shared\projectConfigShared.js
C:\home\kevinj\projects\Expenses.Mvc\Expenses.UI\ClientApp\dist\out-tsc\src\app\shared\projectConfigShared.js.map
C:\home\kevinj\projects\Expenses.Mvc\Expenses.UI\ClientApp\dist\out-tsc\src\app\services\expenses.service.js
C:\home\kevinj\projects\Expenses.Mvc\Expenses.UI\ClientApp\dist\out-tsc\src\app\services\expenses.service.js.map
C:\home\kevinj\projects\Expenses.Mvc\Expenses.UI\ClientApp\dist\out-tsc\src\app\components\expense-claims\expense-claims.component.js
C:\home\kevinj\projects\Expenses.Mvc\Expenses.UI\ClientApp\dist\out-tsc\src\app\components\expense-claims\expense-claims.component.js.map
C:\home\kevinj\projects\Expenses.Mvc\Expenses.UI\ClientApp\dist\out-tsc\src\app\app.routes.js
C:\home\kevinj\projects\Expenses.Mvc\Expenses.UI\ClientApp\dist\out-tsc\src\app\app.routes.js.map
C:\home\kevinj\projects\Expenses.Mvc\Expenses.UI\ClientApp\dist\out-tsc\src\app\app.module.js
C:\home\kevinj\projects\Expenses.Mvc\Expenses.UI\ClientApp\dist\out-tsc\src\app\app.module.js.map
C:\home\kevinj\projects\Expenses.Mvc\Expenses.UI\ClientApp\dist\out-tsc\src\main.js
C:\home\kevinj\projects\Expenses.Mvc\Expenses.UI\ClientApp\dist\out-tsc\src\main.js.map
C:\home\kevinj\projects\Expenses.Mvc\Expenses.UI\ClientApp\dist\out-tsc\src\polyfills.js
C:\home\kevinj\projects\Expenses.Mvc\Expenses.UI\ClientApp\dist\out-tsc\src\polyfills.js.map
C:\home\kevinj\projects\Expenses.Mvc\Expenses.UI\ClientApp\dist\out-tsc\src\test.js
C:\home\kevinj\projects\Expenses.Mvc\Expenses.UI\ClientApp\dist\out-tsc\src\test.js.map
C:\home\kevinj\projects\Expenses.Mvc\Expenses.UI\ClientApp\dist\out-tsc\src\environments\environment.prod.js
C:\home\kevinj\projects\Expenses.Mvc\Expenses.UI\ClientApp\dist\out-tsc\src\environments\environment.prod.js.map
C:\home\kevinj\projects\Expenses.Mvc\Expenses.UI\ClientApp\dist\out-tsc\src\app\app.component.spec.js
C:\home\kevinj\projects\Expenses.Mvc\Expenses.UI\ClientApp\dist\out-tsc\src\app\app.component.spec.js.map
C:\home\kevinj\projects\Expenses.Mvc\Expenses.UI\ClientApp\dist\out-tsc\src\app\services\expenses.service.spec.js
C:\home\kevinj\projects\Expenses.Mvc\Expenses.UI\ClientApp\dist\out-tsc\src\app\services\expenses.service.spec.js.map
C:\home\kevinj\projects\Expenses.Mvc\Expenses.UI\ClientApp\dist\out-tsc\src\app\components\page-not-found\page-not-found.component.spec.js
C:\home\kevinj\projects\Expenses.Mvc\Expenses.UI\ClientApp\dist\out-tsc\src\app\components\page-not-found\page-not-found.component.spec.js.map
C:\home\kevinj\projects\Expenses.Mvc\Expenses.UI\ClientApp\dist\out-tsc\src\app\components\home\home.component.spec.js
C:\home\kevinj\projects\Expenses.Mvc\Expenses.UI\ClientApp\dist\out-tsc\src\app\components\home\home.component.spec.js.map
C:\home\kevinj\projects\Expenses.Mvc\Expenses.UI\ClientApp\dist\out-tsc\src\app\components\expense-claims\expense-claims.component.spec.js
C:\home\kevinj\projects\Expenses.Mvc\Expenses.UI\ClientApp\dist\out-tsc\src\app\components\expense-claims\expense-claims.component.spec.js.map
C:\home\kevinj\projects\Expenses.Mvc\Expenses.UI\ClientApp\dist\out-tsc\e2e\app.po.js
C:\home\kevinj\projects\Expenses.Mvc\Expenses.UI\ClientApp\dist\out-tsc\e2e\app.po.js.map
C:\home\kevinj\projects\Expenses.Mvc\Expenses.UI\ClientApp\dist\out-tsc\e2e\app.e2e-spec.js
C:\home\kevinj\projects\Expenses.Mvc\Expenses.UI\ClientApp\dist\out-tsc\e2e\app.e2e-spec.js.map
